[0.098s] Invoking command in '/home/arno/MicroverRoombaV3/build/rover_receive': CMAKE_PREFIX_PATH=/opt/ros/humble /usr/bin/cmake /home/arno/MicroverRoombaV3/src/rover_receive -DCMAKE_INSTALL_PREFIX=/home/arno/MicroverRoombaV3/install/rover_receive
[1.132s] -- The C compiler identification is GNU 11.4.0
[2.463s] -- The CXX compiler identification is GNU 11.4.0
[2.547s] -- Detecting C compiler ABI info
[3.188s] -- Detecting C compiler ABI info - done
[3.246s] -- Check for working C compiler: /usr/bin/cc - skipped
[3.250s] -- Detecting C compile features
[3.255s] -- Detecting C compile features - done
[3.283s] -- Detecting CXX compiler ABI info
[3.941s] -- Detecting CXX compiler ABI info - done
[4.001s] -- Check for working CXX compiler: /usr/bin/c++ - skipped
[4.003s] -- Detecting CXX compile features
[4.006s] -- Detecting CXX compile features - done
[4.051s] -- Found ament_cmake: 1.3.8 (/opt/ros/humble/share/ament_cmake/cmake)
[5.420s] -- Found Python3: /usr/bin/python3 (found version "3.10.12") found components: Interpreter 
[6.433s] -- Found rclcpp: 16.0.8 (/opt/ros/humble/share/rclcpp/cmake)
[7.033s] -- Found rosidl_generator_c: 3.1.5 (/opt/ros/humble/share/rosidl_generator_c/cmake)
[7.105s] -- Found rosidl_adapter: 3.1.5 (/opt/ros/humble/share/rosidl_adapter/cmake)
[7.221s] -- Found rosidl_generator_cpp: 3.1.5 (/opt/ros/humble/share/rosidl_generator_cpp/cmake)
[7.393s] -- Using all available rosidl_typesupport_c: rosidl_typesupport_fastrtps_c;rosidl_typesupport_introspection_c
[7.623s] -- Using all available rosidl_typesupport_cpp: rosidl_typesupport_fastrtps_cpp;rosidl_typesupport_introspection_cpp
[8.407s] -- Found rmw_implementation_cmake: 6.1.1 (/opt/ros/humble/share/rmw_implementation_cmake/cmake)
[8.447s] -- Found rmw_fastrtps_cpp: 6.2.6 (/opt/ros/humble/share/rmw_fastrtps_cpp/cmake)
[9.404s] -- Found OpenSSL: /usr/lib/aarch64-linux-gnu/libcrypto.so (found version "3.0.2")  
[9.622s] -- Found FastRTPS: /opt/ros/humble/include  
[10.025s] -- Using RMW implementation 'rmw_fastrtps_cpp' as default
[10.154s] -- Looking for pthread.h
[10.766s] -- Looking for pthread.h - found
[10.769s] -- Performing Test CMAKE_HAVE_LIBC_PTHREAD
[11.393s] -- Performing Test CMAKE_HAVE_LIBC_PTHREAD - Success
[11.400s] -- Found Threads: TRUE  
[13.426s] [31mCMake Error at /opt/ros/humble/share/ament_cmake_core/cmake/core/ament_package_xml.cmake:53 (message):
[13.427s]   ament_package_xml() package name 'rover_receive' in '/package.xml' does not
[13.428s]   match current PROJECT_NAME 'rover_receive_pkg'.  You must call project()
[13.428s]   with the same package name before.
[13.429s] Call Stack (most recent call first):
[13.430s]   /opt/ros/humble/share/ament_cmake_core/cmake/core/ament_package.cmake:63 (ament_package_xml)
[13.430s]   CMakeLists.txt:33 (ament_package)
[13.431s] 
[13.432s] [0m
[13.432s] -- Configuring incomplete, errors occurred!
[13.433s] See also "/home/arno/MicroverRoombaV3/build/rover_receive/CMakeFiles/CMakeOutput.log".
[13.497s] Invoked command in '/home/arno/MicroverRoombaV3/build/rover_receive' returned '1': CMAKE_PREFIX_PATH=/opt/ros/humble /usr/bin/cmake /home/arno/MicroverRoombaV3/src/rover_receive -DCMAKE_INSTALL_PREFIX=/home/arno/MicroverRoombaV3/install/rover_receive
