[1.710s] DEBUG:colcon:Command line arguments: ['/usr/bin/colcon', 'build']
[1.710s] DEBUG:colcon:Parsed command line arguments: Namespace(log_base=None, log_level=None, verb_name='build', build_base='build', install_base='install', merge_install=False, symlink_install=False, test_result_base=None, continue_on_error=False, executor='parallel', parallel_workers=4, event_handlers=None, ignore_user_meta=False, metas=['./colcon.meta'], base_paths=['.'], packages_ignore=None, packages_ignore_regex=None, paths=None, packages_up_to=None, packages_up_to_regex=None, packages_above=None, packages_above_and_dependencies=None, packages_above_depth=None, packages_select_by_dep=None, packages_skip_by_dep=None, packages_skip_up_to=None, packages_select_build_failed=False, packages_skip_build_finished=False, packages_select_test_failures=False, packages_skip_test_passed=False, packages_select=None, packages_skip=None, packages_select_regex=None, packages_skip_regex=None, packages_start=None, packages_end=None, allow_overriding=[], cmake_args=None, cmake_target=None, cmake_target_skip_unavailable=False, cmake_clean_cache=False, cmake_clean_first=False, cmake_force_configure=False, ament_cmake_args=None, catkin_cmake_args=None, catkin_skip_building_tests=False, verb_parser=<colcon_defaults.argument_parser.defaults.DefaultArgumentsDecorator object at 0xffff9c8270a0>, verb_extension=<colcon_core.verb.build.BuildVerb object at 0xffff9c95f4f0>, main=<bound method BuildVerb.main of <colcon_core.verb.build.BuildVerb object at 0xffff9c95f4f0>>)
[3.760s] Level 1:colcon.colcon_core.package_discovery:discover_packages(colcon_meta) check parameters
[3.761s] Level 1:colcon.colcon_core.package_discovery:discover_packages(recursive) check parameters
[3.761s] Level 1:colcon.colcon_core.package_discovery:discover_packages(ignore) check parameters
[3.761s] Level 1:colcon.colcon_core.package_discovery:discover_packages(path) check parameters
[3.762s] Level 1:colcon.colcon_core.package_discovery:discover_packages(colcon_meta) discover
[3.762s] Level 1:colcon.colcon_core.package_discovery:discover_packages(recursive) discover
[3.763s] INFO:colcon.colcon_core.package_discovery:Crawling recursively for packages in '/home/arno/MicroverRoombaV3'
[3.764s] Level 1:colcon.colcon_core.package_identification:_identify(.) by extensions ['ignore', 'ignore_ament_install']
[3.765s] Level 1:colcon.colcon_core.package_identification:_identify(.) by extension 'ignore'
[3.765s] Level 1:colcon.colcon_core.package_identification:_identify(.) by extension 'ignore_ament_install'
[3.766s] Level 1:colcon.colcon_core.package_identification:_identify(.) by extensions ['colcon_pkg']
[3.766s] Level 1:colcon.colcon_core.package_identification:_identify(.) by extension 'colcon_pkg'
[3.767s] Level 1:colcon.colcon_core.package_identification:_identify(.) by extensions ['colcon_meta']
[3.767s] Level 1:colcon.colcon_core.package_identification:_identify(.) by extension 'colcon_meta'
[3.768s] Level 1:colcon.colcon_core.package_identification:_identify(.) by extensions ['ros']
[3.768s] Level 1:colcon.colcon_core.package_identification:_identify(.) by extension 'ros'
[3.910s] Level 1:colcon.colcon_core.package_identification:_identify(.) by extensions ['cmake', 'python']
[3.911s] Level 1:colcon.colcon_core.package_identification:_identify(.) by extension 'cmake'
[3.911s] Level 1:colcon.colcon_core.package_identification:_identify(.) by extension 'python'
[3.912s] Level 1:colcon.colcon_core.package_identification:_identify(.) by extensions ['python_setup_py']
[3.912s] Level 1:colcon.colcon_core.package_identification:_identify(.) by extension 'python_setup_py'
[3.913s] Level 1:colcon.colcon_core.package_identification:_identify(build) by extensions ['ignore', 'ignore_ament_install']
[3.914s] Level 1:colcon.colcon_core.package_identification:_identify(build) by extension 'ignore'
[3.914s] Level 1:colcon.colcon_core.package_identification:_identify(build) ignored
[3.915s] Level 1:colcon.colcon_core.package_identification:_identify(install) by extensions ['ignore', 'ignore_ament_install']
[3.916s] Level 1:colcon.colcon_core.package_identification:_identify(install) by extension 'ignore'
[3.917s] Level 1:colcon.colcon_core.package_identification:_identify(install) ignored
[3.918s] Level 1:colcon.colcon_core.package_identification:_identify(log) by extensions ['ignore', 'ignore_ament_install']
[3.918s] Level 1:colcon.colcon_core.package_identification:_identify(log) by extension 'ignore'
[3.919s] Level 1:colcon.colcon_core.package_identification:_identify(log) ignored
[3.919s] Level 1:colcon.colcon_core.package_identification:_identify(src) by extensions ['ignore', 'ignore_ament_install']
[3.920s] Level 1:colcon.colcon_core.package_identification:_identify(src) by extension 'ignore'
[3.921s] Level 1:colcon.colcon_core.package_identification:_identify(src) by extension 'ignore_ament_install'
[3.921s] Level 1:colcon.colcon_core.package_identification:_identify(src) by extensions ['colcon_pkg']
[3.921s] Level 1:colcon.colcon_core.package_identification:_identify(src) by extension 'colcon_pkg'
[3.922s] Level 1:colcon.colcon_core.package_identification:_identify(src) by extensions ['colcon_meta']
[3.922s] Level 1:colcon.colcon_core.package_identification:_identify(src) by extension 'colcon_meta'
[3.922s] Level 1:colcon.colcon_core.package_identification:_identify(src) by extensions ['ros']
[3.923s] Level 1:colcon.colcon_core.package_identification:_identify(src) by extension 'ros'
[3.924s] Level 1:colcon.colcon_core.package_identification:_identify(src) by extensions ['cmake', 'python']
[3.924s] Level 1:colcon.colcon_core.package_identification:_identify(src) by extension 'cmake'
[3.924s] Level 1:colcon.colcon_core.package_identification:_identify(src) by extension 'python'
[3.925s] Level 1:colcon.colcon_core.package_identification:_identify(src) by extensions ['python_setup_py']
[3.925s] Level 1:colcon.colcon_core.package_identification:_identify(src) by extension 'python_setup_py'
[3.926s] Level 1:colcon.colcon_core.package_identification:_identify(src/rover_receive) by extensions ['ignore', 'ignore_ament_install']
[3.927s] Level 1:colcon.colcon_core.package_identification:_identify(src/rover_receive) by extension 'ignore'
[3.927s] Level 1:colcon.colcon_core.package_identification:_identify(src/rover_receive) by extension 'ignore_ament_install'
[3.928s] Level 1:colcon.colcon_core.package_identification:_identify(src/rover_receive) by extensions ['colcon_pkg']
[3.928s] Level 1:colcon.colcon_core.package_identification:_identify(src/rover_receive) by extension 'colcon_pkg'
[3.928s] Level 1:colcon.colcon_core.package_identification:_identify(src/rover_receive) by extensions ['colcon_meta']
[3.929s] Level 1:colcon.colcon_core.package_identification:_identify(src/rover_receive) by extension 'colcon_meta'
[3.929s] Level 1:colcon.colcon_core.package_identification:_identify(src/rover_receive) by extensions ['ros']
[3.929s] Level 1:colcon.colcon_core.package_identification:_identify(src/rover_receive) by extension 'ros'
[3.952s] DEBUG:colcon.colcon_core.package_identification:Package 'src/rover_receive' with type 'ros.ament_cmake' and name 'rover_receive'
[3.952s] Level 1:colcon.colcon_core.package_discovery:discover_packages(recursive) using defaults
[3.953s] Level 1:colcon.colcon_core.package_discovery:discover_packages(ignore) discover
[3.953s] Level 1:colcon.colcon_core.package_discovery:discover_packages(ignore) using defaults
[3.953s] Level 1:colcon.colcon_core.package_discovery:discover_packages(path) discover
[3.953s] Level 1:colcon.colcon_core.package_discovery:discover_packages(path) using defaults
[4.192s] Level 1:colcon.colcon_core.package_discovery:discover_packages(prefix_path) check parameters
[4.192s] Level 1:colcon.colcon_core.package_discovery:discover_packages(prefix_path) discover
[4.227s] DEBUG:colcon.colcon_installed_package_information.package_discovery:Found 180 installed packages in /opt/ros/humble
[4.237s] Level 1:colcon.colcon_core.package_discovery:discover_packages(prefix_path) using defaults
[4.486s] Level 5:colcon.colcon_core.verb:set package 'rover_receive' build argument 'cmake_args' from command line to 'None'
[4.487s] Level 5:colcon.colcon_core.verb:set package 'rover_receive' build argument 'cmake_target' from command line to 'None'
[4.487s] Level 5:colcon.colcon_core.verb:set package 'rover_receive' build argument 'cmake_target_skip_unavailable' from command line to 'False'
[4.488s] Level 5:colcon.colcon_core.verb:set package 'rover_receive' build argument 'cmake_clean_cache' from command line to 'False'
[4.488s] Level 5:colcon.colcon_core.verb:set package 'rover_receive' build argument 'cmake_clean_first' from command line to 'False'
[4.488s] Level 5:colcon.colcon_core.verb:set package 'rover_receive' build argument 'cmake_force_configure' from command line to 'False'
[4.488s] Level 5:colcon.colcon_core.verb:set package 'rover_receive' build argument 'ament_cmake_args' from command line to 'None'
[4.488s] Level 5:colcon.colcon_core.verb:set package 'rover_receive' build argument 'catkin_cmake_args' from command line to 'None'
[4.489s] Level 5:colcon.colcon_core.verb:set package 'rover_receive' build argument 'catkin_skip_building_tests' from command line to 'False'
[4.489s] DEBUG:colcon.colcon_core.verb:Building package 'rover_receive' with the following arguments: {'ament_cmake_args': None, 'build_base': '/home/arno/MicroverRoombaV3/build/rover_receive', 'catkin_cmake_args': None, 'catkin_skip_building_tests': False, 'cmake_args': None, 'cmake_clean_cache': False, 'cmake_clean_first': False, 'cmake_force_configure': False, 'cmake_target': None, 'cmake_target_skip_unavailable': False, 'install_base': '/home/arno/MicroverRoombaV3/install/rover_receive', 'merge_install': False, 'path': '/home/arno/MicroverRoombaV3/src/rover_receive', 'symlink_install': False, 'test_result_base': None}
[4.490s] INFO:colcon.colcon_core.executor:Executing jobs using 'parallel' executor
[4.496s] DEBUG:colcon.colcon_parallel_executor.executor.parallel:run_until_complete
[4.497s] INFO:colcon.colcon_ros.task.ament_cmake.build:Building ROS package in '/home/arno/MicroverRoombaV3/src/rover_receive' with build type 'ament_cmake'
[4.499s] INFO:colcon.colcon_cmake.task.cmake.build:Building CMake package in '/home/arno/MicroverRoombaV3/src/rover_receive'
[4.534s] INFO:colcon.colcon_core.plugin_system:Skipping extension 'colcon_core.shell.bat': Not used on non-Windows systems
[4.536s] INFO:colcon.colcon_core.shell:Skip shell extension 'powershell' for command environment: Not usable outside of PowerShell
[4.537s] DEBUG:colcon.colcon_core.shell:Skip shell extension 'dsv' for command environment
[4.607s] DEBUG:colcon.colcon_core.event_handler.log_command:Invoking command in '/home/arno/MicroverRoombaV3/build/rover_receive': CMAKE_PREFIX_PATH=/opt/ros/humble /usr/bin/cmake --build /home/arno/MicroverRoombaV3/build/rover_receive -- -j4 -l4
[16.662s] DEBUG:colcon.colcon_core.event_handler.log_command:Invoked command in '/home/arno/MicroverRoombaV3/build/rover_receive' returned '2': CMAKE_PREFIX_PATH=/opt/ros/humble /usr/bin/cmake --build /home/arno/MicroverRoombaV3/build/rover_receive -- -j4 -l4
[16.879s] Level 1:colcon.colcon_core.environment:create_environment_scripts_only(rover_receive)
[16.923s] Level 1:colcon.colcon_core.environment:checking '/home/arno/MicroverRoombaV3/install/rover_receive' for CMake module files
[16.929s] Level 1:colcon.colcon_core.environment:checking '/home/arno/MicroverRoombaV3/install/rover_receive' for CMake config files
[17.018s] Level 1:colcon.colcon_core.environment:checking '/home/arno/MicroverRoombaV3/install/rover_receive/bin'
[17.019s] Level 1:colcon.colcon_core.environment:checking '/home/arno/MicroverRoombaV3/install/rover_receive/lib/pkgconfig/rover_receive.pc'
[17.021s] Level 1:colcon.colcon_core.environment:checking '/home/arno/MicroverRoombaV3/install/rover_receive/lib/python3.10/site-packages'
[17.022s] Level 1:colcon.colcon_core.environment:checking '/home/arno/MicroverRoombaV3/install/rover_receive/bin'
[17.025s] INFO:colcon.colcon_core.shell:Creating package script '/home/arno/MicroverRoombaV3/install/rover_receive/share/rover_receive/package.ps1'
[17.034s] INFO:colcon.colcon_core.shell:Creating package descriptor '/home/arno/MicroverRoombaV3/install/rover_receive/share/rover_receive/package.dsv'
[17.040s] INFO:colcon.colcon_core.shell:Creating package script '/home/arno/MicroverRoombaV3/install/rover_receive/share/rover_receive/package.sh'
[17.048s] INFO:colcon.colcon_core.shell:Creating package script '/home/arno/MicroverRoombaV3/install/rover_receive/share/rover_receive/package.bash'
[17.057s] INFO:colcon.colcon_core.shell:Creating package script '/home/arno/MicroverRoombaV3/install/rover_receive/share/rover_receive/package.zsh'
[17.065s] Level 1:colcon.colcon_core.environment:create_file_with_runtime_dependencies(/home/arno/MicroverRoombaV3/install/rover_receive/share/colcon-core/packages/rover_receive)
[17.078s] DEBUG:colcon.colcon_parallel_executor.executor.parallel:closing loop
[17.079s] DEBUG:colcon.colcon_parallel_executor.executor.parallel:loop closed
[17.080s] DEBUG:colcon.colcon_parallel_executor.executor.parallel:run_until_complete finished with '2'
[17.081s] DEBUG:colcon.colcon_core.event_reactor:joining thread
[17.131s] INFO:colcon.colcon_core.plugin_system:Skipping extension 'colcon_notification.desktop_notification.notify_send': Could not find 'notify-send'
[17.132s] INFO:colcon.colcon_core.plugin_system:Skipping extension 'colcon_notification.desktop_notification.terminal_notifier': Not used on non-Darwin systems
[17.132s] INFO:colcon.colcon_core.plugin_system:Skipping extension 'colcon_notification.desktop_notification.win32': Not used on non-Windows systems
[17.133s] INFO:colcon.colcon_notification.desktop_notification:Sending desktop notification using 'notify2'
[17.179s] DEBUG:colcon.colcon_notification.desktop_notification.notify2:Failed to initialize notify2: org.freedesktop.DBus.Error.ServiceUnknown: The name org.freedesktop.Notifications was not provided by any .service files
[17.180s] DEBUG:colcon.colcon_core.event_reactor:joined thread
[17.182s] INFO:colcon.colcon_core.shell:Creating prefix script '/home/arno/MicroverRoombaV3/install/local_setup.ps1'
[17.191s] INFO:colcon.colcon_core.shell:Creating prefix util module '/home/arno/MicroverRoombaV3/install/_local_setup_util_ps1.py'
[17.206s] INFO:colcon.colcon_core.shell:Creating prefix chain script '/home/arno/MicroverRoombaV3/install/setup.ps1'
[17.215s] INFO:colcon.colcon_core.shell:Creating prefix script '/home/arno/MicroverRoombaV3/install/local_setup.sh'
[17.221s] INFO:colcon.colcon_core.shell:Creating prefix util module '/home/arno/MicroverRoombaV3/install/_local_setup_util_sh.py'
[17.226s] INFO:colcon.colcon_core.shell:Creating prefix chain script '/home/arno/MicroverRoombaV3/install/setup.sh'
[17.235s] INFO:colcon.colcon_core.shell:Creating prefix script '/home/arno/MicroverRoombaV3/install/local_setup.bash'
[17.241s] INFO:colcon.colcon_core.shell:Creating prefix chain script '/home/arno/MicroverRoombaV3/install/setup.bash'
[17.251s] INFO:colcon.colcon_core.shell:Creating prefix script '/home/arno/MicroverRoombaV3/install/local_setup.zsh'
[17.257s] INFO:colcon.colcon_core.shell:Creating prefix chain script '/home/arno/MicroverRoombaV3/install/setup.zsh'
