[0.105s] Invoking command in '/home/arno/MicroverRoombaV3/build/rover_receive': CMAKE_PREFIX_PATH=${CMAKE_PREFIX_PATH}:/opt/ros/humble /usr/bin/cmake --build /home/arno/MicroverRoombaV3/build/rover_receive -- -j4 -l4
[0.577s] [35m[1mConsolidate compiler generated dependencies of target receive_node_nano[0m
[0.793s] [ 50%] [32mBuilding CXX object CMakeFiles/receive_node_nano.dir/src/receive_node_nano.cpp.o[0m
[72.162s] [100%] [32m[1mLinking CXX executable receive_node_nano[0m
[76.584s] [100%] Built target receive_node_nano
[77.165s] Invoked command in '/home/arno/MicroverRoombaV3/build/rover_receive' returned '0': CMAKE_PREFIX_PATH=${CMAKE_PREFIX_PATH}:/opt/ros/humble /usr/bin/cmake --build /home/arno/MicroverRoombaV3/build/rover_receive -- -j4 -l4
[77.860s] Invoking command in '/home/arno/MicroverRoombaV3/build/rover_receive': CMAKE_PREFIX_PATH=${CMAKE_PREFIX_PATH}:/opt/ros/humble /usr/bin/cmake --install /home/arno/MicroverRoombaV3/build/rover_receive
[77.920s] -- Install configuration: ""
[77.934s] -- Installing: /home/arno/MicroverRoombaV3/install/rover_receive/lib/rover_receive/receive_node_nano
[77.986s] -- Set runtime path of "/home/arno/MicroverRoombaV3/install/rover_receive/lib/rover_receive/receive_node_nano" to ""
[77.996s] -- Up-to-date: /home/arno/MicroverRoombaV3/install/rover_receive/share/ament_index/resource_index/package_run_dependencies/rover_receive
[77.997s] -- Up-to-date: /home/arno/MicroverRoombaV3/install/rover_receive/share/ament_index/resource_index/parent_prefix_path/rover_receive
[78.011s] -- Up-to-date: /home/arno/MicroverRoombaV3/install/rover_receive/share/rover_receive/environment/ament_prefix_path.sh
[78.014s] -- Up-to-date: /home/arno/MicroverRoombaV3/install/rover_receive/share/rover_receive/environment/ament_prefix_path.dsv
[78.016s] -- Up-to-date: /home/arno/MicroverRoombaV3/install/rover_receive/share/rover_receive/environment/path.sh
[78.018s] -- Up-to-date: /home/arno/MicroverRoombaV3/install/rover_receive/share/rover_receive/environment/path.dsv
[78.020s] -- Up-to-date: /home/arno/MicroverRoombaV3/install/rover_receive/share/rover_receive/local_setup.bash
[78.021s] -- Up-to-date: /home/arno/MicroverRoombaV3/install/rover_receive/share/rover_receive/local_setup.sh
[78.022s] -- Up-to-date: /home/arno/MicroverRoombaV3/install/rover_receive/share/rover_receive/local_setup.zsh
[78.023s] -- Up-to-date: /home/arno/MicroverRoombaV3/install/rover_receive/share/rover_receive/local_setup.dsv
[78.026s] -- Installing: /home/arno/MicroverRoombaV3/install/rover_receive/share/rover_receive/package.dsv
[78.029s] -- Up-to-date: /home/arno/MicroverRoombaV3/install/rover_receive/share/ament_index/resource_index/packages/rover_receive
[78.032s] -- Up-to-date: /home/arno/MicroverRoombaV3/install/rover_receive/share/rover_receive/cmake/rover_receiveConfig.cmake
[78.033s] -- Up-to-date: /home/arno/MicroverRoombaV3/install/rover_receive/share/rover_receive/cmake/rover_receiveConfig-version.cmake
[78.034s] -- Up-to-date: /home/arno/MicroverRoombaV3/install/rover_receive/share/rover_receive/package.xml
[78.070s] Invoked command in '/home/arno/MicroverRoombaV3/build/rover_receive' returned '0': CMAKE_PREFIX_PATH=${CMAKE_PREFIX_PATH}:/opt/ros/humble /usr/bin/cmake --install /home/arno/MicroverRoombaV3/build/rover_receive
