[0.080s] Invoking command in '/home/arno/MicroverRoombaV3/build/rover_receive': CMAKE_PREFIX_PATH=/opt/ros/humble /usr/bin/cmake --build /home/arno/MicroverRoombaV3/build/rover_receive -- -j4 -l4
[0.267s] -- Found ament_cmake: 1.3.8 (/opt/ros/humble/share/ament_cmake/cmake)
[1.322s] -- Found rclcpp: 16.0.8 (/opt/ros/humble/share/rclcpp/cmake)
[1.591s] -- Found rosidl_generator_c: 3.1.5 (/opt/ros/humble/share/rosidl_generator_c/cmake)
[1.613s] -- Found rosidl_adapter: 3.1.5 (/opt/ros/humble/share/rosidl_adapter/cmake)
[1.662s] -- Found rosidl_generator_cpp: 3.1.5 (/opt/ros/humble/share/rosidl_generator_cpp/cmake)
[1.755s] -- Using all available rosidl_typesupport_c: rosidl_typesupport_fastrtps_c;rosidl_typesupport_introspection_c
[1.885s] -- Using all available rosidl_typesupport_cpp: rosidl_typesupport_fastrtps_cpp;rosidl_typesupport_introspection_cpp
[2.363s] -- Found rmw_implementation_cmake: 6.1.1 (/opt/ros/humble/share/rmw_implementation_cmake/cmake)
[2.374s] -- Found rmw_fastrtps_cpp: 6.2.6 (/opt/ros/humble/share/rmw_fastrtps_cpp/cmake)
[3.366s] -- Using RMW implementation 'rmw_fastrtps_cpp' as default
[4.768s] [31mCMake Error at CMakeLists.txt:19 (find_package):
[4.769s]   By not providing "FindLibSerial.cmake" in CMAKE_MODULE_PATH this project
[4.770s]   has asked CMake to find a package configuration file provided by
[4.770s]   "LibSerial", but CMake did not find one.
[4.771s] 
[4.772s]   Could not find a package configuration file provided by "LibSerial" with
[4.773s]   any of the following names:
[4.773s] 
[4.774s]     LibSerialConfig.cmake
[4.775s]     libserial-config.cmake
[4.776s] 
[4.777s]   Add the installation prefix of "LibSerial" to CMAKE_PREFIX_PATH or set
[4.777s]   "LibSerial_DIR" to a directory containing one of the above files.  If
[4.778s]   "LibSerial" provides a separate development package or SDK, be sure it has
[4.779s]   been installed.
[4.780s] 
[4.780s] [0m
[4.781s] -- Configuring incomplete, errors occurred!
[4.782s] See also "/home/arno/MicroverRoombaV3/build/rover_receive/CMakeFiles/CMakeOutput.log".
[4.812s] gmake: *** [Makefile:267: cmake_check_build_system] Error 1
[4.825s] Invoked command in '/home/arno/MicroverRoombaV3/build/rover_receive' returned '2': CMAKE_PREFIX_PATH=/opt/ros/humble /usr/bin/cmake --build /home/arno/MicroverRoombaV3/build/rover_receive -- -j4 -l4
