[0.077s] Invoking command in '/home/arno/MicroverRoombaV3/build/rover_receive': CMAKE_PREFIX_PATH=/opt/ros/humble /usr/bin/cmake --build /home/arno/MicroverRoombaV3/build/rover_receive -- -j4 -l4
[0.262s] -- Found ament_cmake: 1.3.8 (/opt/ros/humble/share/ament_cmake/cmake)
[1.326s] -- Found rclcpp: 16.0.8 (/opt/ros/humble/share/rclcpp/cmake)
[1.596s] -- Found rosidl_generator_c: 3.1.5 (/opt/ros/humble/share/rosidl_generator_c/cmake)
[1.618s] -- Found rosidl_adapter: 3.1.5 (/opt/ros/humble/share/rosidl_adapter/cmake)
[1.667s] -- Found rosidl_generator_cpp: 3.1.5 (/opt/ros/humble/share/rosidl_generator_cpp/cmake)
[1.759s] -- Using all available rosidl_typesupport_c: rosidl_typesupport_fastrtps_c;rosidl_typesupport_introspection_c
[1.890s] -- Using all available rosidl_typesupport_cpp: rosidl_typesupport_fastrtps_cpp;rosidl_typesupport_introspection_cpp
[2.369s] -- Found rmw_implementation_cmake: 6.1.1 (/opt/ros/humble/share/rmw_implementation_cmake/cmake)
[2.380s] -- Found rmw_fastrtps_cpp: 6.2.6 (/opt/ros/humble/share/rmw_fastrtps_cpp/cmake)
[3.381s] -- Using RMW implementation 'rmw_fastrtps_cpp' as default
[5.229s] -- Configuring done
[5.325s] -- Generating done
[5.341s] -- Build files have been written to: /home/arno/MicroverRoombaV3/build/rover_receive
[5.582s] [ 50%] [32mBuilding CXX object CMakeFiles/receive_node_nano.dir/src/receive_node_nano.cpp.o[0m
[8.332s] [01m[K/home/arno/MicroverRoombaV3/src/rover_receive/src/receive_node_nano.cpp:4:10:[m[K [01;31m[Kfatal error: [m[KSerialStream.h: No such file or directory
[8.333s]     4 | #include [01;31m[K<SerialStream.h>[m[K // Include the SerialStream header file
[8.334s]       |          [01;31m[K^~~~~~~~~~~~~~~~[m[K
[8.334s] compilation terminated.
[8.350s] gmake[2]: *** [CMakeFiles/receive_node_nano.dir/build.make:76: CMakeFiles/receive_node_nano.dir/src/receive_node_nano.cpp.o] Error 1
[8.352s] gmake[1]: *** [CMakeFiles/Makefile2:137: CMakeFiles/receive_node_nano.dir/all] Error 2
[8.354s] gmake: *** [Makefile:146: all] Error 2
[8.368s] Invoked command in '/home/arno/MicroverRoombaV3/build/rover_receive' returned '2': CMAKE_PREFIX_PATH=/opt/ros/humble /usr/bin/cmake --build /home/arno/MicroverRoombaV3/build/rover_receive -- -j4 -l4
