-- Found ament_cmake: 1.3.8 (/opt/ros/humble/share/ament_cmake/cmake)
-- Override CMake install command with custom implementation using symlinks instead of copying resources
-- Found rclcpp: 16.0.8 (/opt/ros/humble/share/rclcpp/cmake)
-- Found rosidl_generator_c: 3.1.5 (/opt/ros/humble/share/rosidl_generator_c/cmake)
-- Found rosidl_adapter: 3.1.5 (/opt/ros/humble/share/rosidl_adapter/cmake)
-- Found rosidl_generator_cpp: 3.1.5 (/opt/ros/humble/share/rosidl_generator_cpp/cmake)
-- Using all available rosidl_typesupport_c: rosidl_typesupport_fastrtps_c;rosidl_typesupport_introspection_c
-- Using all available rosidl_typesupport_cpp: rosidl_typesupport_fastrtps_cpp;rosidl_typesupport_introspection_cpp
-- Found rmw_implementation_cmake: 6.1.1 (/opt/ros/humble/share/rmw_implementation_cmake/cmake)
-- Found rmw_fastrtps_cpp: 6.2.6 (/opt/ros/humble/share/rmw_fastrtps_cpp/cmake)
-- Using RMW implementation 'rmw_fastrtps_cpp' as default
-- Configuring done
-- Generating done
-- Build files have been written to: /home/arno/MicroverRoombaV3/build/rover_receive
[35m[1mConsolidate compiler generated dependencies of target receive_node_nano[0m
[ 50%] [32mBuilding CXX object CMakeFiles/receive_node_nano.dir/src/receive_node_nano.cpp.o[0m
[100%] [32m[1mLinking CXX executable receive_node_nano[0m
[100%] Built target receive_node_nano
-- Install configuration: ""
-- Execute custom install script
-- Up-to-date symlink: /home/arno/MicroverRoombaV3/install/rover_receive/lib/rover_receive/receive_node_nano
-- Up-to-date symlink: /home/arno/MicroverRoombaV3/install/rover_receive/share/ament_index/resource_index/package_run_dependencies/rover_receive
-- Up-to-date symlink: /home/arno/MicroverRoombaV3/install/rover_receive/share/ament_index/resource_index/parent_prefix_path/rover_receive
-- Up-to-date symlink: /home/arno/MicroverRoombaV3/install/rover_receive/share/rover_receive/environment/ament_prefix_path.sh
-- Up-to-date symlink: /home/arno/MicroverRoombaV3/install/rover_receive/share/rover_receive/environment/ament_prefix_path.dsv
-- Up-to-date symlink: /home/arno/MicroverRoombaV3/install/rover_receive/share/rover_receive/environment/path.sh
-- Up-to-date symlink: /home/arno/MicroverRoombaV3/install/rover_receive/share/rover_receive/environment/path.dsv
-- Up-to-date symlink: /home/arno/MicroverRoombaV3/install/rover_receive/share/rover_receive/local_setup.bash
-- Up-to-date symlink: /home/arno/MicroverRoombaV3/install/rover_receive/share/rover_receive/local_setup.sh
-- Up-to-date symlink: /home/arno/MicroverRoombaV3/install/rover_receive/share/rover_receive/local_setup.zsh
-- Up-to-date symlink: /home/arno/MicroverRoombaV3/install/rover_receive/share/rover_receive/local_setup.dsv
-- Symlinking: /home/arno/MicroverRoombaV3/install/rover_receive/share/rover_receive/package.dsv
-- Up-to-date symlink: /home/arno/MicroverRoombaV3/install/rover_receive/share/ament_index/resource_index/packages/rover_receive
-- Up-to-date symlink: /home/arno/MicroverRoombaV3/install/rover_receive/share/rover_receive/cmake/rover_receiveConfig.cmake
-- Up-to-date symlink: /home/arno/MicroverRoombaV3/install/rover_receive/share/rover_receive/cmake/rover_receiveConfig-version.cmake
-- Up-to-date symlink: /home/arno/MicroverRoombaV3/install/rover_receive/share/rover_receive/package.xml
