[0.175s] Invoking command in '/home/arno/MicroverRoombaV3/build/rover_receive': CMAKE_PREFIX_PATH=${CMAKE_PREFIX_PATH}:/opt/ros/humble /usr/bin/cmake /home/arno/MicroverRoombaV3/src/rover_receive -DCMAKE_INSTALL_PREFIX=/home/arno/MicroverRoombaV3/install/rover_receive
[0.446s] -- Found ament_cmake: 1.3.8 (/opt/ros/humble/share/ament_cmake/cmake)
[2.409s] -- Override CMake install command with custom implementation using symlinks instead of copying resources
[2.572s] -- Found rclcpp: 16.0.8 (/opt/ros/humble/share/rclcpp/cmake)
[3.067s] -- Found rosidl_generator_c: 3.1.5 (/opt/ros/humble/share/rosidl_generator_c/cmake)
[3.131s] -- Found rosidl_adapter: 3.1.5 (/opt/ros/humble/share/rosidl_adapter/cmake)
[3.273s] -- Found rosidl_generator_cpp: 3.1.5 (/opt/ros/humble/share/rosidl_generator_cpp/cmake)
[3.405s] -- Using all available rosidl_typesupport_c: rosidl_typesupport_fastrtps_c;rosidl_typesupport_introspection_c
[3.579s] -- Using all available rosidl_typesupport_cpp: rosidl_typesupport_fastrtps_cpp;rosidl_typesupport_introspection_cpp
[4.788s] -- Found rmw_implementation_cmake: 6.1.1 (/opt/ros/humble/share/rmw_implementation_cmake/cmake)
[4.825s] -- Found rmw_fastrtps_cpp: 6.2.6 (/opt/ros/humble/share/rmw_fastrtps_cpp/cmake)
[7.131s] -- Using RMW implementation 'rmw_fastrtps_cpp' as default
[11.203s] -- Configuring done
[11.412s] -- Generating done
[11.430s] -- Build files have been written to: /home/arno/MicroverRoombaV3/build/rover_receive
[11.477s] Invoked command in '/home/arno/MicroverRoombaV3/build/rover_receive' returned '0': CMAKE_PREFIX_PATH=${CMAKE_PREFIX_PATH}:/opt/ros/humble /usr/bin/cmake /home/arno/MicroverRoombaV3/src/rover_receive -DCMAKE_INSTALL_PREFIX=/home/arno/MicroverRoombaV3/install/rover_receive
[11.495s] Invoking command in '/home/arno/MicroverRoombaV3/build/rover_receive': CMAKE_PREFIX_PATH=${CMAKE_PREFIX_PATH}:/opt/ros/humble /usr/bin/cmake --build /home/arno/MicroverRoombaV3/build/rover_receive -- -j4 -l4
[11.770s] [35m[1mConsolidate compiler generated dependencies of target receive_node_nano[0m
[12.140s] [ 50%] [32mBuilding CXX object CMakeFiles/receive_node_nano.dir/src/receive_node_nano.cpp.o[0m
[130.605s] [100%] [32m[1mLinking CXX executable receive_node_nano[0m
[137.486s] [100%] Built target receive_node_nano
[138.122s] Invoked command in '/home/arno/MicroverRoombaV3/build/rover_receive' returned '0': CMAKE_PREFIX_PATH=${CMAKE_PREFIX_PATH}:/opt/ros/humble /usr/bin/cmake --build /home/arno/MicroverRoombaV3/build/rover_receive -- -j4 -l4
[139.008s] Invoking command in '/home/arno/MicroverRoombaV3/build/rover_receive': CMAKE_PREFIX_PATH=${CMAKE_PREFIX_PATH}:/opt/ros/humble /usr/bin/cmake --install /home/arno/MicroverRoombaV3/build/rover_receive
[139.067s] -- Install configuration: ""
[139.078s] -- Execute custom install script
[139.087s] -- Up-to-date symlink: /home/arno/MicroverRoombaV3/install/rover_receive/lib/rover_receive/receive_node_nano
[139.098s] -- Up-to-date symlink: /home/arno/MicroverRoombaV3/install/rover_receive/share/ament_index/resource_index/package_run_dependencies/rover_receive
[139.104s] -- Up-to-date symlink: /home/arno/MicroverRoombaV3/install/rover_receive/share/ament_index/resource_index/parent_prefix_path/rover_receive
[139.122s] -- Up-to-date symlink: /home/arno/MicroverRoombaV3/install/rover_receive/share/rover_receive/environment/ament_prefix_path.sh
[139.126s] -- Up-to-date symlink: /home/arno/MicroverRoombaV3/install/rover_receive/share/rover_receive/environment/ament_prefix_path.dsv
[139.131s] -- Up-to-date symlink: /home/arno/MicroverRoombaV3/install/rover_receive/share/rover_receive/environment/path.sh
[139.134s] -- Up-to-date symlink: /home/arno/MicroverRoombaV3/install/rover_receive/share/rover_receive/environment/path.dsv
[139.138s] -- Up-to-date symlink: /home/arno/MicroverRoombaV3/install/rover_receive/share/rover_receive/local_setup.bash
[139.141s] -- Up-to-date symlink: /home/arno/MicroverRoombaV3/install/rover_receive/share/rover_receive/local_setup.sh
[139.144s] -- Up-to-date symlink: /home/arno/MicroverRoombaV3/install/rover_receive/share/rover_receive/local_setup.zsh
[139.147s] -- Up-to-date symlink: /home/arno/MicroverRoombaV3/install/rover_receive/share/rover_receive/local_setup.dsv
[139.149s] -- Symlinking: /home/arno/MicroverRoombaV3/install/rover_receive/share/rover_receive/package.dsv
[139.215s] -- Up-to-date symlink: /home/arno/MicroverRoombaV3/install/rover_receive/share/ament_index/resource_index/packages/rover_receive
[139.220s] -- Up-to-date symlink: /home/arno/MicroverRoombaV3/install/rover_receive/share/rover_receive/cmake/rover_receiveConfig.cmake
[139.223s] -- Up-to-date symlink: /home/arno/MicroverRoombaV3/install/rover_receive/share/rover_receive/cmake/rover_receiveConfig-version.cmake
[139.228s] -- Up-to-date symlink: /home/arno/MicroverRoombaV3/install/rover_receive/share/rover_receive/package.xml
[139.262s] Invoked command in '/home/arno/MicroverRoombaV3/build/rover_receive' returned '0': CMAKE_PREFIX_PATH=${CMAKE_PREFIX_PATH}:/opt/ros/humble /usr/bin/cmake --install /home/arno/MicroverRoombaV3/build/rover_receive
