[0.898s] DEBUG:colcon:Command line arguments: ['/usr/bin/colcon', 'build']
[0.899s] DEBUG:colcon:Parsed command line arguments: Namespace(log_base=None, log_level=None, verb_name='build', build_base='build', install_base='install', merge_install=False, symlink_install=False, test_result_base=None, continue_on_error=False, executor='parallel', parallel_workers=4, event_handlers=None, ignore_user_meta=False, metas=['./colcon.meta'], base_paths=['.'], packages_ignore=None, packages_ignore_regex=None, paths=None, packages_up_to=None, packages_up_to_regex=None, packages_above=None, packages_above_and_dependencies=None, packages_above_depth=None, packages_select_by_dep=None, packages_skip_by_dep=None, packages_skip_up_to=None, packages_select_build_failed=False, packages_skip_build_finished=False, packages_select_test_failures=False, packages_skip_test_passed=False, packages_select=None, packages_skip=None, packages_select_regex=None, packages_skip_regex=None, packages_start=None, packages_end=None, allow_overriding=[], cmake_args=None, cmake_target=None, cmake_target_skip_unavailable=False, cmake_clean_cache=False, cmake_clean_first=False, cmake_force_configure=False, ament_cmake_args=None, catkin_cmake_args=None, catkin_skip_building_tests=False, verb_parser=<colcon_defaults.argument_parser.defaults.DefaultArgumentsDecorator object at 0xffff95cfb0a0>, verb_extension=<colcon_core.verb.build.BuildVerb object at 0xffff95e2f4f0>, main=<bound method BuildVerb.main of <colcon_core.verb.build.BuildVerb object at 0xffff95e2f4f0>>)
[2.342s] Level 1:colcon.colcon_core.package_discovery:discover_packages(colcon_meta) check parameters
[2.343s] Level 1:colcon.colcon_core.package_discovery:discover_packages(recursive) check parameters
[2.343s] Level 1:colcon.colcon_core.package_discovery:discover_packages(ignore) check parameters
[2.344s] Level 1:colcon.colcon_core.package_discovery:discover_packages(path) check parameters
[2.344s] Level 1:colcon.colcon_core.package_discovery:discover_packages(colcon_meta) discover
[2.344s] Level 1:colcon.colcon_core.package_discovery:discover_packages(recursive) discover
[2.345s] INFO:colcon.colcon_core.package_discovery:Crawling recursively for packages in '/home/arno/MicroverRoombaV3'
[2.345s] Level 1:colcon.colcon_core.package_identification:_identify(.) by extensions ['ignore', 'ignore_ament_install']
[2.346s] Level 1:colcon.colcon_core.package_identification:_identify(.) by extension 'ignore'
[2.347s] Level 1:colcon.colcon_core.package_identification:_identify(.) by extension 'ignore_ament_install'
[2.347s] Level 1:colcon.colcon_core.package_identification:_identify(.) by extensions ['colcon_pkg']
[2.347s] Level 1:colcon.colcon_core.package_identification:_identify(.) by extension 'colcon_pkg'
[2.348s] Level 1:colcon.colcon_core.package_identification:_identify(.) by extensions ['colcon_meta']
[2.348s] Level 1:colcon.colcon_core.package_identification:_identify(.) by extension 'colcon_meta'
[2.348s] Level 1:colcon.colcon_core.package_identification:_identify(.) by extensions ['ros']
[2.349s] Level 1:colcon.colcon_core.package_identification:_identify(.) by extension 'ros'
[2.440s] Level 1:colcon.colcon_core.package_identification:_identify(.) by extensions ['cmake', 'python']
[2.440s] Level 1:colcon.colcon_core.package_identification:_identify(.) by extension 'cmake'
[2.441s] Level 1:colcon.colcon_core.package_identification:_identify(.) by extension 'python'
[2.441s] Level 1:colcon.colcon_core.package_identification:_identify(.) by extensions ['python_setup_py']
[2.441s] Level 1:colcon.colcon_core.package_identification:_identify(.) by extension 'python_setup_py'
[2.442s] Level 1:colcon.colcon_core.package_identification:_identify(build) by extensions ['ignore', 'ignore_ament_install']
[2.443s] Level 1:colcon.colcon_core.package_identification:_identify(build) by extension 'ignore'
[2.443s] Level 1:colcon.colcon_core.package_identification:_identify(build) ignored
[2.445s] Level 1:colcon.colcon_core.package_identification:_identify(install) by extensions ['ignore', 'ignore_ament_install']
[2.445s] Level 1:colcon.colcon_core.package_identification:_identify(install) by extension 'ignore'
[2.446s] Level 1:colcon.colcon_core.package_identification:_identify(install) ignored
[2.447s] Level 1:colcon.colcon_core.package_identification:_identify(log) by extensions ['ignore', 'ignore_ament_install']
[2.447s] Level 1:colcon.colcon_core.package_identification:_identify(log) by extension 'ignore'
[2.448s] Level 1:colcon.colcon_core.package_identification:_identify(log) ignored
[2.449s] Level 1:colcon.colcon_core.package_identification:_identify(src) by extensions ['ignore', 'ignore_ament_install']
[2.449s] Level 1:colcon.colcon_core.package_identification:_identify(src) by extension 'ignore'
[2.450s] Level 1:colcon.colcon_core.package_identification:_identify(src) by extension 'ignore_ament_install'
[2.450s] Level 1:colcon.colcon_core.package_identification:_identify(src) by extensions ['colcon_pkg']
[2.450s] Level 1:colcon.colcon_core.package_identification:_identify(src) by extension 'colcon_pkg'
[2.451s] Level 1:colcon.colcon_core.package_identification:_identify(src) by extensions ['colcon_meta']
[2.451s] Level 1:colcon.colcon_core.package_identification:_identify(src) by extension 'colcon_meta'
[2.452s] Level 1:colcon.colcon_core.package_identification:_identify(src) by extensions ['ros']
[2.452s] Level 1:colcon.colcon_core.package_identification:_identify(src) by extension 'ros'
[2.453s] Level 1:colcon.colcon_core.package_identification:_identify(src) by extensions ['cmake', 'python']
[2.453s] Level 1:colcon.colcon_core.package_identification:_identify(src) by extension 'cmake'
[2.453s] Level 1:colcon.colcon_core.package_identification:_identify(src) by extension 'python'
[2.454s] Level 1:colcon.colcon_core.package_identification:_identify(src) by extensions ['python_setup_py']
[2.454s] Level 1:colcon.colcon_core.package_identification:_identify(src) by extension 'python_setup_py'
[2.455s] Level 1:colcon.colcon_core.package_identification:_identify(src/rover_receive) by extensions ['ignore', 'ignore_ament_install']
[2.456s] Level 1:colcon.colcon_core.package_identification:_identify(src/rover_receive) by extension 'ignore'
[2.456s] Level 1:colcon.colcon_core.package_identification:_identify(src/rover_receive) by extension 'ignore_ament_install'
[2.457s] Level 1:colcon.colcon_core.package_identification:_identify(src/rover_receive) by extensions ['colcon_pkg']
[2.457s] Level 1:colcon.colcon_core.package_identification:_identify(src/rover_receive) by extension 'colcon_pkg'
[2.457s] Level 1:colcon.colcon_core.package_identification:_identify(src/rover_receive) by extensions ['colcon_meta']
[2.457s] Level 1:colcon.colcon_core.package_identification:_identify(src/rover_receive) by extension 'colcon_meta'
[2.458s] Level 1:colcon.colcon_core.package_identification:_identify(src/rover_receive) by extensions ['ros']
[2.458s] Level 1:colcon.colcon_core.package_identification:_identify(src/rover_receive) by extension 'ros'
[2.474s] DEBUG:colcon.colcon_core.package_identification:Package 'src/rover_receive' with type 'ros.ament_cmake' and name 'rover_receive'
[2.474s] Level 1:colcon.colcon_core.package_discovery:discover_packages(recursive) using defaults
[2.475s] Level 1:colcon.colcon_core.package_discovery:discover_packages(ignore) discover
[2.475s] Level 1:colcon.colcon_core.package_discovery:discover_packages(ignore) using defaults
[2.475s] Level 1:colcon.colcon_core.package_discovery:discover_packages(path) discover
[2.476s] Level 1:colcon.colcon_core.package_discovery:discover_packages(path) using defaults
[2.636s] Level 1:colcon.colcon_core.package_discovery:discover_packages(prefix_path) check parameters
[2.637s] Level 1:colcon.colcon_core.package_discovery:discover_packages(prefix_path) discover
[2.659s] DEBUG:colcon.colcon_installed_package_information.package_discovery:Found 180 installed packages in /opt/ros/humble
[2.669s] Level 1:colcon.colcon_core.package_discovery:discover_packages(prefix_path) using defaults
[2.907s] Level 5:colcon.colcon_core.verb:set package 'rover_receive' build argument 'cmake_args' from command line to 'None'
[2.908s] Level 5:colcon.colcon_core.verb:set package 'rover_receive' build argument 'cmake_target' from command line to 'None'
[2.908s] Level 5:colcon.colcon_core.verb:set package 'rover_receive' build argument 'cmake_target_skip_unavailable' from command line to 'False'
[2.908s] Level 5:colcon.colcon_core.verb:set package 'rover_receive' build argument 'cmake_clean_cache' from command line to 'False'
[2.908s] Level 5:colcon.colcon_core.verb:set package 'rover_receive' build argument 'cmake_clean_first' from command line to 'False'
[2.908s] Level 5:colcon.colcon_core.verb:set package 'rover_receive' build argument 'cmake_force_configure' from command line to 'False'
[2.909s] Level 5:colcon.colcon_core.verb:set package 'rover_receive' build argument 'ament_cmake_args' from command line to 'None'
[2.909s] Level 5:colcon.colcon_core.verb:set package 'rover_receive' build argument 'catkin_cmake_args' from command line to 'None'
[2.909s] Level 5:colcon.colcon_core.verb:set package 'rover_receive' build argument 'catkin_skip_building_tests' from command line to 'False'
[2.909s] DEBUG:colcon.colcon_core.verb:Building package 'rover_receive' with the following arguments: {'ament_cmake_args': None, 'build_base': '/home/arno/MicroverRoombaV3/build/rover_receive', 'catkin_cmake_args': None, 'catkin_skip_building_tests': False, 'cmake_args': None, 'cmake_clean_cache': False, 'cmake_clean_first': False, 'cmake_force_configure': False, 'cmake_target': None, 'cmake_target_skip_unavailable': False, 'install_base': '/home/arno/MicroverRoombaV3/install/rover_receive', 'merge_install': False, 'path': '/home/arno/MicroverRoombaV3/src/rover_receive', 'symlink_install': False, 'test_result_base': None}
[2.910s] INFO:colcon.colcon_core.executor:Executing jobs using 'parallel' executor
[2.916s] DEBUG:colcon.colcon_parallel_executor.executor.parallel:run_until_complete
[2.918s] INFO:colcon.colcon_ros.task.ament_cmake.build:Building ROS package in '/home/arno/MicroverRoombaV3/src/rover_receive' with build type 'ament_cmake'
[2.919s] INFO:colcon.colcon_cmake.task.cmake.build:Building CMake package in '/home/arno/MicroverRoombaV3/src/rover_receive'
[2.937s] INFO:colcon.colcon_core.plugin_system:Skipping extension 'colcon_core.shell.bat': Not used on non-Windows systems
[2.939s] INFO:colcon.colcon_core.shell:Skip shell extension 'powershell' for command environment: Not usable outside of PowerShell
[2.939s] DEBUG:colcon.colcon_core.shell:Skip shell extension 'dsv' for command environment
[3.013s] DEBUG:colcon.colcon_core.event_handler.log_command:Invoking command in '/home/arno/MicroverRoombaV3/build/rover_receive': CMAKE_PREFIX_PATH=/opt/ros/humble /usr/bin/cmake --build /home/arno/MicroverRoombaV3/build/rover_receive -- -j4 -l4
[6.133s] DEBUG:colcon.colcon_core.event_handler.log_command:Invoked command in '/home/arno/MicroverRoombaV3/build/rover_receive' returned '2': CMAKE_PREFIX_PATH=/opt/ros/humble /usr/bin/cmake --build /home/arno/MicroverRoombaV3/build/rover_receive -- -j4 -l4
[6.344s] Level 1:colcon.colcon_core.environment:create_environment_scripts_only(rover_receive)
[6.366s] Level 1:colcon.colcon_core.environment:checking '/home/arno/MicroverRoombaV3/install/rover_receive' for CMake module files
[6.370s] Level 1:colcon.colcon_core.environment:checking '/home/arno/MicroverRoombaV3/install/rover_receive' for CMake config files
[6.456s] Level 1:colcon.colcon_core.environment:checking '/home/arno/MicroverRoombaV3/install/rover_receive/bin'
[6.457s] Level 1:colcon.colcon_core.environment:checking '/home/arno/MicroverRoombaV3/install/rover_receive/lib/pkgconfig/rover_receive.pc'
[6.459s] Level 1:colcon.colcon_core.environment:checking '/home/arno/MicroverRoombaV3/install/rover_receive/lib/python3.10/site-packages'
[6.461s] Level 1:colcon.colcon_core.environment:checking '/home/arno/MicroverRoombaV3/install/rover_receive/bin'
[6.463s] INFO:colcon.colcon_core.shell:Creating package script '/home/arno/MicroverRoombaV3/install/rover_receive/share/rover_receive/package.ps1'
[6.470s] INFO:colcon.colcon_core.shell:Creating package descriptor '/home/arno/MicroverRoombaV3/install/rover_receive/share/rover_receive/package.dsv'
[6.475s] INFO:colcon.colcon_core.shell:Creating package script '/home/arno/MicroverRoombaV3/install/rover_receive/share/rover_receive/package.sh'
[6.481s] INFO:colcon.colcon_core.shell:Creating package script '/home/arno/MicroverRoombaV3/install/rover_receive/share/rover_receive/package.bash'
[6.488s] INFO:colcon.colcon_core.shell:Creating package script '/home/arno/MicroverRoombaV3/install/rover_receive/share/rover_receive/package.zsh'
[6.495s] Level 1:colcon.colcon_core.environment:create_file_with_runtime_dependencies(/home/arno/MicroverRoombaV3/install/rover_receive/share/colcon-core/packages/rover_receive)
[6.507s] DEBUG:colcon.colcon_parallel_executor.executor.parallel:closing loop
[6.508s] DEBUG:colcon.colcon_parallel_executor.executor.parallel:loop closed
[6.509s] DEBUG:colcon.colcon_parallel_executor.executor.parallel:run_until_complete finished with '2'
[6.510s] DEBUG:colcon.colcon_core.event_reactor:joining thread
[6.551s] INFO:colcon.colcon_core.plugin_system:Skipping extension 'colcon_notification.desktop_notification.notify_send': Could not find 'notify-send'
[6.552s] INFO:colcon.colcon_core.plugin_system:Skipping extension 'colcon_notification.desktop_notification.terminal_notifier': Not used on non-Darwin systems
[6.553s] INFO:colcon.colcon_core.plugin_system:Skipping extension 'colcon_notification.desktop_notification.win32': Not used on non-Windows systems
[6.553s] INFO:colcon.colcon_notification.desktop_notification:Sending desktop notification using 'notify2'
[6.558s] DEBUG:colcon.colcon_notification.desktop_notification.notify2:Failed to initialize notify2: org.freedesktop.DBus.Error.ServiceUnknown: The name org.freedesktop.Notifications was not provided by any .service files
[6.559s] DEBUG:colcon.colcon_core.event_reactor:joined thread
[6.561s] INFO:colcon.colcon_core.shell:Creating prefix script '/home/arno/MicroverRoombaV3/install/local_setup.ps1'
[6.569s] INFO:colcon.colcon_core.shell:Creating prefix util module '/home/arno/MicroverRoombaV3/install/_local_setup_util_ps1.py'
[6.583s] INFO:colcon.colcon_core.shell:Creating prefix chain script '/home/arno/MicroverRoombaV3/install/setup.ps1'
[6.591s] INFO:colcon.colcon_core.shell:Creating prefix script '/home/arno/MicroverRoombaV3/install/local_setup.sh'
[6.595s] INFO:colcon.colcon_core.shell:Creating prefix util module '/home/arno/MicroverRoombaV3/install/_local_setup_util_sh.py'
[6.599s] INFO:colcon.colcon_core.shell:Creating prefix chain script '/home/arno/MicroverRoombaV3/install/setup.sh'
[6.607s] INFO:colcon.colcon_core.shell:Creating prefix script '/home/arno/MicroverRoombaV3/install/local_setup.bash'
[6.612s] INFO:colcon.colcon_core.shell:Creating prefix chain script '/home/arno/MicroverRoombaV3/install/setup.bash'
[6.619s] INFO:colcon.colcon_core.shell:Creating prefix script '/home/arno/MicroverRoombaV3/install/local_setup.zsh'
[6.624s] INFO:colcon.colcon_core.shell:Creating prefix chain script '/home/arno/MicroverRoombaV3/install/setup.zsh'
