[0.079s] Invoking command in '/home/arno/MicroverRoombaV3/build/rover_receive': CMAKE_PREFIX_PATH=/opt/ros/humble /usr/bin/cmake --build /home/arno/MicroverRoombaV3/build/rover_receive -- -j4 -l4
[0.266s] -- Found ament_cmake: 1.3.8 (/opt/ros/humble/share/ament_cmake/cmake)
[1.321s] -- Found rclcpp: 16.0.8 (/opt/ros/humble/share/rclcpp/cmake)
[1.590s] -- Found rosidl_generator_c: 3.1.5 (/opt/ros/humble/share/rosidl_generator_c/cmake)
[1.612s] -- Found rosidl_adapter: 3.1.5 (/opt/ros/humble/share/rosidl_adapter/cmake)
[1.661s] -- Found rosidl_generator_cpp: 3.1.5 (/opt/ros/humble/share/rosidl_generator_cpp/cmake)
[1.753s] -- Using all available rosidl_typesupport_c: rosidl_typesupport_fastrtps_c;rosidl_typesupport_introspection_c
[1.883s] -- Using all available rosidl_typesupport_cpp: rosidl_typesupport_fastrtps_cpp;rosidl_typesupport_introspection_cpp
[2.360s] -- Found rmw_implementation_cmake: 6.1.1 (/opt/ros/humble/share/rmw_implementation_cmake/cmake)
[2.371s] -- Found rmw_fastrtps_cpp: 6.2.6 (/opt/ros/humble/share/rmw_fastrtps_cpp/cmake)
[3.374s] -- Using RMW implementation 'rmw_fastrtps_cpp' as default
[4.775s] [31mCMake Error at CMakeLists.txt:22 (find_package):
[4.776s]   By not providing "FindLibSerial.cmake" in CMAKE_MODULE_PATH this project
[4.777s]   has asked CMake to find a package configuration file provided by
[4.778s]   "LibSerial", but CMake did not find one.
[4.779s] 
[4.779s]   Could not find a package configuration file provided by "LibSerial" with
[4.780s]   any of the following names:
[4.781s] 
[4.782s]     LibSerialConfig.cmake
[4.783s]     libserial-config.cmake
[4.783s] 
[4.784s]   Add the installation prefix of "LibSerial" to CMAKE_PREFIX_PATH or set
[4.785s]   "LibSerial_DIR" to a directory containing one of the above files.  If
[4.786s]   "LibSerial" provides a separate development package or SDK, be sure it has
[4.787s]   been installed.
[4.787s] 
[4.788s] [0m
[4.789s] -- Configuring incomplete, errors occurred!
[4.790s] See also "/home/arno/MicroverRoombaV3/build/rover_receive/CMakeFiles/CMakeOutput.log".
[4.821s] gmake: *** [Makefile:267: cmake_check_build_system] Error 1
[4.835s] Invoked command in '/home/arno/MicroverRoombaV3/build/rover_receive' returned '2': CMAKE_PREFIX_PATH=/opt/ros/humble /usr/bin/cmake --build /home/arno/MicroverRoombaV3/build/rover_receive -- -j4 -l4
