[0.895s] DEBUG:colcon:Command line arguments: ['/usr/bin/colcon', 'build']
[0.896s] DEBUG:colcon:Parsed command line arguments: Namespace(log_base=None, log_level=None, verb_name='build', build_base='build', install_base='install', merge_install=False, symlink_install=False, test_result_base=None, continue_on_error=False, executor='parallel', parallel_workers=4, event_handlers=None, ignore_user_meta=False, metas=['./colcon.meta'], base_paths=['.'], packages_ignore=None, packages_ignore_regex=None, paths=None, packages_up_to=None, packages_up_to_regex=None, packages_above=None, packages_above_and_dependencies=None, packages_above_depth=None, packages_select_by_dep=None, packages_skip_by_dep=None, packages_skip_up_to=None, packages_select_build_failed=False, packages_skip_build_finished=False, packages_select_test_failures=False, packages_skip_test_passed=False, packages_select=None, packages_skip=None, packages_select_regex=None, packages_skip_regex=None, packages_start=None, packages_end=None, allow_overriding=[], cmake_args=None, cmake_target=None, cmake_target_skip_unavailable=False, cmake_clean_cache=False, cmake_clean_first=False, cmake_force_configure=False, ament_cmake_args=None, catkin_cmake_args=None, catkin_skip_building_tests=False, verb_parser=<colcon_defaults.argument_parser.defaults.DefaultArgumentsDecorator object at 0xffff86bcb0d0>, verb_extension=<colcon_core.verb.build.BuildVerb object at 0xffff86d03520>, main=<bound method BuildVerb.main of <colcon_core.verb.build.BuildVerb object at 0xffff86d03520>>)
[2.337s] Level 1:colcon.colcon_core.package_discovery:discover_packages(colcon_meta) check parameters
[2.338s] Level 1:colcon.colcon_core.package_discovery:discover_packages(recursive) check parameters
[2.338s] Level 1:colcon.colcon_core.package_discovery:discover_packages(ignore) check parameters
[2.338s] Level 1:colcon.colcon_core.package_discovery:discover_packages(path) check parameters
[2.338s] Level 1:colcon.colcon_core.package_discovery:discover_packages(colcon_meta) discover
[2.339s] Level 1:colcon.colcon_core.package_discovery:discover_packages(recursive) discover
[2.339s] INFO:colcon.colcon_core.package_discovery:Crawling recursively for packages in '/home/arno/MicroverRoombaV3'
[2.340s] Level 1:colcon.colcon_core.package_identification:_identify(.) by extensions ['ignore', 'ignore_ament_install']
[2.341s] Level 1:colcon.colcon_core.package_identification:_identify(.) by extension 'ignore'
[2.341s] Level 1:colcon.colcon_core.package_identification:_identify(.) by extension 'ignore_ament_install'
[2.342s] Level 1:colcon.colcon_core.package_identification:_identify(.) by extensions ['colcon_pkg']
[2.342s] Level 1:colcon.colcon_core.package_identification:_identify(.) by extension 'colcon_pkg'
[2.342s] Level 1:colcon.colcon_core.package_identification:_identify(.) by extensions ['colcon_meta']
[2.342s] Level 1:colcon.colcon_core.package_identification:_identify(.) by extension 'colcon_meta'
[2.343s] Level 1:colcon.colcon_core.package_identification:_identify(.) by extensions ['ros']
[2.343s] Level 1:colcon.colcon_core.package_identification:_identify(.) by extension 'ros'
[2.434s] Level 1:colcon.colcon_core.package_identification:_identify(.) by extensions ['cmake', 'python']
[2.434s] Level 1:colcon.colcon_core.package_identification:_identify(.) by extension 'cmake'
[2.434s] Level 1:colcon.colcon_core.package_identification:_identify(.) by extension 'python'
[2.435s] Level 1:colcon.colcon_core.package_identification:_identify(.) by extensions ['python_setup_py']
[2.435s] Level 1:colcon.colcon_core.package_identification:_identify(.) by extension 'python_setup_py'
[2.436s] Level 1:colcon.colcon_core.package_identification:_identify(build) by extensions ['ignore', 'ignore_ament_install']
[2.437s] Level 1:colcon.colcon_core.package_identification:_identify(build) by extension 'ignore'
[2.437s] Level 1:colcon.colcon_core.package_identification:_identify(build) ignored
[2.438s] Level 1:colcon.colcon_core.package_identification:_identify(install) by extensions ['ignore', 'ignore_ament_install']
[2.439s] Level 1:colcon.colcon_core.package_identification:_identify(install) by extension 'ignore'
[2.440s] Level 1:colcon.colcon_core.package_identification:_identify(install) ignored
[2.441s] Level 1:colcon.colcon_core.package_identification:_identify(log) by extensions ['ignore', 'ignore_ament_install']
[2.442s] Level 1:colcon.colcon_core.package_identification:_identify(log) by extension 'ignore'
[2.442s] Level 1:colcon.colcon_core.package_identification:_identify(log) ignored
[2.443s] Level 1:colcon.colcon_core.package_identification:_identify(src) by extensions ['ignore', 'ignore_ament_install']
[2.443s] Level 1:colcon.colcon_core.package_identification:_identify(src) by extension 'ignore'
[2.444s] Level 1:colcon.colcon_core.package_identification:_identify(src) by extension 'ignore_ament_install'
[2.444s] Level 1:colcon.colcon_core.package_identification:_identify(src) by extensions ['colcon_pkg']
[2.444s] Level 1:colcon.colcon_core.package_identification:_identify(src) by extension 'colcon_pkg'
[2.445s] Level 1:colcon.colcon_core.package_identification:_identify(src) by extensions ['colcon_meta']
[2.445s] Level 1:colcon.colcon_core.package_identification:_identify(src) by extension 'colcon_meta'
[2.445s] Level 1:colcon.colcon_core.package_identification:_identify(src) by extensions ['ros']
[2.446s] Level 1:colcon.colcon_core.package_identification:_identify(src) by extension 'ros'
[2.446s] Level 1:colcon.colcon_core.package_identification:_identify(src) by extensions ['cmake', 'python']
[2.447s] Level 1:colcon.colcon_core.package_identification:_identify(src) by extension 'cmake'
[2.447s] Level 1:colcon.colcon_core.package_identification:_identify(src) by extension 'python'
[2.447s] Level 1:colcon.colcon_core.package_identification:_identify(src) by extensions ['python_setup_py']
[2.448s] Level 1:colcon.colcon_core.package_identification:_identify(src) by extension 'python_setup_py'
[2.449s] Level 1:colcon.colcon_core.package_identification:_identify(src/rover_receive) by extensions ['ignore', 'ignore_ament_install']
[2.449s] Level 1:colcon.colcon_core.package_identification:_identify(src/rover_receive) by extension 'ignore'
[2.450s] Level 1:colcon.colcon_core.package_identification:_identify(src/rover_receive) by extension 'ignore_ament_install'
[2.450s] Level 1:colcon.colcon_core.package_identification:_identify(src/rover_receive) by extensions ['colcon_pkg']
[2.451s] Level 1:colcon.colcon_core.package_identification:_identify(src/rover_receive) by extension 'colcon_pkg'
[2.451s] Level 1:colcon.colcon_core.package_identification:_identify(src/rover_receive) by extensions ['colcon_meta']
[2.451s] Level 1:colcon.colcon_core.package_identification:_identify(src/rover_receive) by extension 'colcon_meta'
[2.452s] Level 1:colcon.colcon_core.package_identification:_identify(src/rover_receive) by extensions ['ros']
[2.452s] Level 1:colcon.colcon_core.package_identification:_identify(src/rover_receive) by extension 'ros'
[2.468s] DEBUG:colcon.colcon_core.package_identification:Package 'src/rover_receive' with type 'ros.ament_cmake' and name 'rover_receive'
[2.468s] Level 1:colcon.colcon_core.package_discovery:discover_packages(recursive) using defaults
[2.469s] Level 1:colcon.colcon_core.package_discovery:discover_packages(ignore) discover
[2.469s] Level 1:colcon.colcon_core.package_discovery:discover_packages(ignore) using defaults
[2.469s] Level 1:colcon.colcon_core.package_discovery:discover_packages(path) discover
[2.469s] Level 1:colcon.colcon_core.package_discovery:discover_packages(path) using defaults
[2.630s] Level 1:colcon.colcon_core.package_discovery:discover_packages(prefix_path) check parameters
[2.630s] Level 1:colcon.colcon_core.package_discovery:discover_packages(prefix_path) discover
[2.645s] DEBUG:colcon.colcon_installed_package_information.package_discovery:Found 1 installed packages in /home/arno/MicroverRoombaV3/install
[2.657s] DEBUG:colcon.colcon_installed_package_information.package_discovery:Found 180 installed packages in /opt/ros/humble
[2.667s] Level 1:colcon.colcon_core.package_discovery:discover_packages(prefix_path) using defaults
[2.907s] Level 5:colcon.colcon_core.verb:set package 'rover_receive' build argument 'cmake_args' from command line to 'None'
[2.908s] Level 5:colcon.colcon_core.verb:set package 'rover_receive' build argument 'cmake_target' from command line to 'None'
[2.908s] Level 5:colcon.colcon_core.verb:set package 'rover_receive' build argument 'cmake_target_skip_unavailable' from command line to 'False'
[2.908s] Level 5:colcon.colcon_core.verb:set package 'rover_receive' build argument 'cmake_clean_cache' from command line to 'False'
[2.908s] Level 5:colcon.colcon_core.verb:set package 'rover_receive' build argument 'cmake_clean_first' from command line to 'False'
[2.909s] Level 5:colcon.colcon_core.verb:set package 'rover_receive' build argument 'cmake_force_configure' from command line to 'False'
[2.909s] Level 5:colcon.colcon_core.verb:set package 'rover_receive' build argument 'ament_cmake_args' from command line to 'None'
[2.909s] Level 5:colcon.colcon_core.verb:set package 'rover_receive' build argument 'catkin_cmake_args' from command line to 'None'
[2.909s] Level 5:colcon.colcon_core.verb:set package 'rover_receive' build argument 'catkin_skip_building_tests' from command line to 'False'
[2.910s] DEBUG:colcon.colcon_core.verb:Building package 'rover_receive' with the following arguments: {'ament_cmake_args': None, 'build_base': '/home/arno/MicroverRoombaV3/build/rover_receive', 'catkin_cmake_args': None, 'catkin_skip_building_tests': False, 'cmake_args': None, 'cmake_clean_cache': False, 'cmake_clean_first': False, 'cmake_force_configure': False, 'cmake_target': None, 'cmake_target_skip_unavailable': False, 'install_base': '/home/arno/MicroverRoombaV3/install/rover_receive', 'merge_install': False, 'path': '/home/arno/MicroverRoombaV3/src/rover_receive', 'symlink_install': False, 'test_result_base': None}
[2.911s] INFO:colcon.colcon_core.executor:Executing jobs using 'parallel' executor
[2.917s] DEBUG:colcon.colcon_parallel_executor.executor.parallel:run_until_complete
[2.918s] INFO:colcon.colcon_ros.task.ament_cmake.build:Building ROS package in '/home/arno/MicroverRoombaV3/src/rover_receive' with build type 'ament_cmake'
[2.920s] INFO:colcon.colcon_cmake.task.cmake.build:Building CMake package in '/home/arno/MicroverRoombaV3/src/rover_receive'
[2.937s] INFO:colcon.colcon_core.plugin_system:Skipping extension 'colcon_core.shell.bat': Not used on non-Windows systems
[2.939s] INFO:colcon.colcon_core.shell:Skip shell extension 'powershell' for command environment: Not usable outside of PowerShell
[2.939s] DEBUG:colcon.colcon_core.shell:Skip shell extension 'dsv' for command environment
[3.013s] DEBUG:colcon.colcon_core.event_handler.log_command:Invoking command in '/home/arno/MicroverRoombaV3/build/rover_receive': CMAKE_PREFIX_PATH=/opt/ros/humble /usr/bin/cmake --build /home/arno/MicroverRoombaV3/build/rover_receive -- -j4 -l4
[11.279s] DEBUG:colcon.colcon_core.event_handler.log_command:Invoked command in '/home/arno/MicroverRoombaV3/build/rover_receive' returned '2': CMAKE_PREFIX_PATH=/opt/ros/humble /usr/bin/cmake --build /home/arno/MicroverRoombaV3/build/rover_receive -- -j4 -l4
[11.489s] Level 1:colcon.colcon_core.environment:create_environment_scripts_only(rover_receive)
[11.513s] Level 1:colcon.colcon_core.environment:checking '/home/arno/MicroverRoombaV3/install/rover_receive' for CMake module files
[11.517s] Level 1:colcon.colcon_core.environment:checking '/home/arno/MicroverRoombaV3/install/rover_receive' for CMake config files
[11.602s] Level 1:colcon.colcon_core.environment:checking '/home/arno/MicroverRoombaV3/install/rover_receive/bin'
[11.602s] Level 1:colcon.colcon_core.environment:checking '/home/arno/MicroverRoombaV3/install/rover_receive/lib/pkgconfig/rover_receive.pc'
[11.604s] Level 1:colcon.colcon_core.environment:checking '/home/arno/MicroverRoombaV3/install/rover_receive/lib/python3.10/site-packages'
[11.607s] Level 1:colcon.colcon_core.environment:checking '/home/arno/MicroverRoombaV3/install/rover_receive/bin'
[11.610s] INFO:colcon.colcon_core.shell:Creating package script '/home/arno/MicroverRoombaV3/install/rover_receive/share/rover_receive/package.ps1'
[11.616s] INFO:colcon.colcon_core.shell:Creating package descriptor '/home/arno/MicroverRoombaV3/install/rover_receive/share/rover_receive/package.dsv'
[11.621s] INFO:colcon.colcon_core.shell:Creating package script '/home/arno/MicroverRoombaV3/install/rover_receive/share/rover_receive/package.sh'
[11.628s] INFO:colcon.colcon_core.shell:Creating package script '/home/arno/MicroverRoombaV3/install/rover_receive/share/rover_receive/package.bash'
[11.635s] INFO:colcon.colcon_core.shell:Creating package script '/home/arno/MicroverRoombaV3/install/rover_receive/share/rover_receive/package.zsh'
[11.641s] Level 1:colcon.colcon_core.environment:create_file_with_runtime_dependencies(/home/arno/MicroverRoombaV3/install/rover_receive/share/colcon-core/packages/rover_receive)
[11.654s] DEBUG:colcon.colcon_parallel_executor.executor.parallel:closing loop
[11.654s] DEBUG:colcon.colcon_parallel_executor.executor.parallel:loop closed
[11.655s] DEBUG:colcon.colcon_parallel_executor.executor.parallel:run_until_complete finished with '2'
[11.656s] DEBUG:colcon.colcon_core.event_reactor:joining thread
[11.697s] INFO:colcon.colcon_core.plugin_system:Skipping extension 'colcon_notification.desktop_notification.notify_send': Could not find 'notify-send'
[11.698s] INFO:colcon.colcon_core.plugin_system:Skipping extension 'colcon_notification.desktop_notification.terminal_notifier': Not used on non-Darwin systems
[11.698s] INFO:colcon.colcon_core.plugin_system:Skipping extension 'colcon_notification.desktop_notification.win32': Not used on non-Windows systems
[11.699s] INFO:colcon.colcon_notification.desktop_notification:Sending desktop notification using 'notify2'
[11.704s] DEBUG:colcon.colcon_notification.desktop_notification.notify2:Failed to initialize notify2: org.freedesktop.DBus.Error.ServiceUnknown: The name org.freedesktop.Notifications was not provided by any .service files
[11.704s] DEBUG:colcon.colcon_core.event_reactor:joined thread
[11.706s] INFO:colcon.colcon_core.shell:Creating prefix script '/home/arno/MicroverRoombaV3/install/local_setup.ps1'
[11.714s] INFO:colcon.colcon_core.shell:Creating prefix util module '/home/arno/MicroverRoombaV3/install/_local_setup_util_ps1.py'
[11.728s] INFO:colcon.colcon_core.shell:Creating prefix chain script '/home/arno/MicroverRoombaV3/install/setup.ps1'
[11.735s] INFO:colcon.colcon_core.shell:Creating prefix script '/home/arno/MicroverRoombaV3/install/local_setup.sh'
[11.740s] INFO:colcon.colcon_core.shell:Creating prefix util module '/home/arno/MicroverRoombaV3/install/_local_setup_util_sh.py'
[11.744s] INFO:colcon.colcon_core.shell:Creating prefix chain script '/home/arno/MicroverRoombaV3/install/setup.sh'
[11.752s] INFO:colcon.colcon_core.shell:Creating prefix script '/home/arno/MicroverRoombaV3/install/local_setup.bash'
[11.757s] INFO:colcon.colcon_core.shell:Creating prefix chain script '/home/arno/MicroverRoombaV3/install/setup.bash'
[11.764s] INFO:colcon.colcon_core.shell:Creating prefix script '/home/arno/MicroverRoombaV3/install/local_setup.zsh'
[11.769s] INFO:colcon.colcon_core.shell:Creating prefix chain script '/home/arno/MicroverRoombaV3/install/setup.zsh'
