[1.834s] DEBUG:colcon:Command line arguments: ['/usr/bin/colcon', 'build']
[1.835s] DEBUG:colcon:Parsed command line arguments: Namespace(log_base=None, log_level=None, verb_name='build', build_base='build', install_base='install', merge_install=False, symlink_install=False, test_result_base=None, continue_on_error=False, executor='parallel', parallel_workers=4, event_handlers=None, ignore_user_meta=False, metas=['./colcon.meta'], base_paths=['.'], packages_ignore=None, packages_ignore_regex=None, paths=None, packages_up_to=None, packages_up_to_regex=None, packages_above=None, packages_above_and_dependencies=None, packages_above_depth=None, packages_select_by_dep=None, packages_skip_by_dep=None, packages_skip_up_to=None, packages_select_build_failed=False, packages_skip_build_finished=False, packages_select_test_failures=False, packages_skip_test_passed=False, packages_select=None, packages_skip=None, packages_select_regex=None, packages_skip_regex=None, packages_start=None, packages_end=None, allow_overriding=[], cmake_args=None, cmake_target=None, cmake_target_skip_unavailable=False, cmake_clean_cache=False, cmake_clean_first=False, cmake_force_configure=False, ament_cmake_args=None, catkin_cmake_args=None, catkin_skip_building_tests=False, verb_parser=<colcon_defaults.argument_parser.defaults.DefaultArgumentsDecorator object at 0xffffae18b0d0>, verb_extension=<colcon_core.verb.build.BuildVerb object at 0xffffae2c3520>, main=<bound method BuildVerb.main of <colcon_core.verb.build.BuildVerb object at 0xffffae2c3520>>)
[3.885s] Level 1:colcon.colcon_core.package_discovery:discover_packages(colcon_meta) check parameters
[3.886s] Level 1:colcon.colcon_core.package_discovery:discover_packages(recursive) check parameters
[3.887s] Level 1:colcon.colcon_core.package_discovery:discover_packages(ignore) check parameters
[3.887s] Level 1:colcon.colcon_core.package_discovery:discover_packages(path) check parameters
[3.887s] Level 1:colcon.colcon_core.package_discovery:discover_packages(colcon_meta) discover
[3.887s] Level 1:colcon.colcon_core.package_discovery:discover_packages(recursive) discover
[3.888s] INFO:colcon.colcon_core.package_discovery:Crawling recursively for packages in '/home/arno/MicroverRoombaV3'
[3.889s] Level 1:colcon.colcon_core.package_identification:_identify(.) by extensions ['ignore', 'ignore_ament_install']
[3.889s] Level 1:colcon.colcon_core.package_identification:_identify(.) by extension 'ignore'
[3.890s] Level 1:colcon.colcon_core.package_identification:_identify(.) by extension 'ignore_ament_install'
[3.891s] Level 1:colcon.colcon_core.package_identification:_identify(.) by extensions ['colcon_pkg']
[3.891s] Level 1:colcon.colcon_core.package_identification:_identify(.) by extension 'colcon_pkg'
[3.891s] Level 1:colcon.colcon_core.package_identification:_identify(.) by extensions ['colcon_meta']
[3.892s] Level 1:colcon.colcon_core.package_identification:_identify(.) by extension 'colcon_meta'
[3.892s] Level 1:colcon.colcon_core.package_identification:_identify(.) by extensions ['ros']
[3.893s] Level 1:colcon.colcon_core.package_identification:_identify(.) by extension 'ros'
[4.035s] Level 1:colcon.colcon_core.package_identification:_identify(.) by extensions ['cmake', 'python']
[4.035s] Level 1:colcon.colcon_core.package_identification:_identify(.) by extension 'cmake'
[4.036s] Level 1:colcon.colcon_core.package_identification:_identify(.) by extension 'python'
[4.036s] Level 1:colcon.colcon_core.package_identification:_identify(.) by extensions ['python_setup_py']
[4.036s] Level 1:colcon.colcon_core.package_identification:_identify(.) by extension 'python_setup_py'
[4.037s] Level 1:colcon.colcon_core.package_identification:_identify(build) by extensions ['ignore', 'ignore_ament_install']
[4.038s] Level 1:colcon.colcon_core.package_identification:_identify(build) by extension 'ignore'
[4.039s] Level 1:colcon.colcon_core.package_identification:_identify(build) ignored
[4.040s] Level 1:colcon.colcon_core.package_identification:_identify(install) by extensions ['ignore', 'ignore_ament_install']
[4.040s] Level 1:colcon.colcon_core.package_identification:_identify(install) by extension 'ignore'
[4.041s] Level 1:colcon.colcon_core.package_identification:_identify(install) ignored
[4.042s] Level 1:colcon.colcon_core.package_identification:_identify(log) by extensions ['ignore', 'ignore_ament_install']
[4.043s] Level 1:colcon.colcon_core.package_identification:_identify(log) by extension 'ignore'
[4.043s] Level 1:colcon.colcon_core.package_identification:_identify(log) ignored
[4.044s] Level 1:colcon.colcon_core.package_identification:_identify(src) by extensions ['ignore', 'ignore_ament_install']
[4.045s] Level 1:colcon.colcon_core.package_identification:_identify(src) by extension 'ignore'
[4.045s] Level 1:colcon.colcon_core.package_identification:_identify(src) by extension 'ignore_ament_install'
[4.046s] Level 1:colcon.colcon_core.package_identification:_identify(src) by extensions ['colcon_pkg']
[4.046s] Level 1:colcon.colcon_core.package_identification:_identify(src) by extension 'colcon_pkg'
[4.046s] Level 1:colcon.colcon_core.package_identification:_identify(src) by extensions ['colcon_meta']
[4.047s] Level 1:colcon.colcon_core.package_identification:_identify(src) by extension 'colcon_meta'
[4.047s] Level 1:colcon.colcon_core.package_identification:_identify(src) by extensions ['ros']
[4.047s] Level 1:colcon.colcon_core.package_identification:_identify(src) by extension 'ros'
[4.048s] Level 1:colcon.colcon_core.package_identification:_identify(src) by extensions ['cmake', 'python']
[4.048s] Level 1:colcon.colcon_core.package_identification:_identify(src) by extension 'cmake'
[4.049s] Level 1:colcon.colcon_core.package_identification:_identify(src) by extension 'python'
[4.049s] Level 1:colcon.colcon_core.package_identification:_identify(src) by extensions ['python_setup_py']
[4.049s] Level 1:colcon.colcon_core.package_identification:_identify(src) by extension 'python_setup_py'
[4.050s] Level 1:colcon.colcon_core.package_identification:_identify(src/rover_receive) by extensions ['ignore', 'ignore_ament_install']
[4.051s] Level 1:colcon.colcon_core.package_identification:_identify(src/rover_receive) by extension 'ignore'
[4.052s] Level 1:colcon.colcon_core.package_identification:_identify(src/rover_receive) by extension 'ignore_ament_install'
[4.052s] Level 1:colcon.colcon_core.package_identification:_identify(src/rover_receive) by extensions ['colcon_pkg']
[4.053s] Level 1:colcon.colcon_core.package_identification:_identify(src/rover_receive) by extension 'colcon_pkg'
[4.053s] Level 1:colcon.colcon_core.package_identification:_identify(src/rover_receive) by extensions ['colcon_meta']
[4.053s] Level 1:colcon.colcon_core.package_identification:_identify(src/rover_receive) by extension 'colcon_meta'
[4.054s] Level 1:colcon.colcon_core.package_identification:_identify(src/rover_receive) by extensions ['ros']
[4.054s] Level 1:colcon.colcon_core.package_identification:_identify(src/rover_receive) by extension 'ros'
[4.076s] DEBUG:colcon.colcon_core.package_identification:Package 'src/rover_receive' with type 'ros.ament_cmake' and name 'rover_receive'
[4.077s] Level 1:colcon.colcon_core.package_discovery:discover_packages(recursive) using defaults
[4.077s] Level 1:colcon.colcon_core.package_discovery:discover_packages(ignore) discover
[4.078s] Level 1:colcon.colcon_core.package_discovery:discover_packages(ignore) using defaults
[4.078s] Level 1:colcon.colcon_core.package_discovery:discover_packages(path) discover
[4.078s] Level 1:colcon.colcon_core.package_discovery:discover_packages(path) using defaults
[4.334s] Level 1:colcon.colcon_core.package_discovery:discover_packages(prefix_path) check parameters
[4.335s] Level 1:colcon.colcon_core.package_discovery:discover_packages(prefix_path) discover
[4.359s] DEBUG:colcon.colcon_installed_package_information.package_discovery:Found 1 installed packages in /home/arno/MicroverRoombaV3/install
[4.375s] DEBUG:colcon.colcon_installed_package_information.package_discovery:Found 180 installed packages in /opt/ros/humble
[4.386s] Level 1:colcon.colcon_core.package_discovery:discover_packages(prefix_path) using defaults
[4.801s] Level 5:colcon.colcon_core.verb:set package 'rover_receive' build argument 'cmake_args' from command line to 'None'
[4.801s] Level 5:colcon.colcon_core.verb:set package 'rover_receive' build argument 'cmake_target' from command line to 'None'
[4.802s] Level 5:colcon.colcon_core.verb:set package 'rover_receive' build argument 'cmake_target_skip_unavailable' from command line to 'False'
[4.802s] Level 5:colcon.colcon_core.verb:set package 'rover_receive' build argument 'cmake_clean_cache' from command line to 'False'
[4.802s] Level 5:colcon.colcon_core.verb:set package 'rover_receive' build argument 'cmake_clean_first' from command line to 'False'
[4.802s] Level 5:colcon.colcon_core.verb:set package 'rover_receive' build argument 'cmake_force_configure' from command line to 'False'
[4.802s] Level 5:colcon.colcon_core.verb:set package 'rover_receive' build argument 'ament_cmake_args' from command line to 'None'
[4.803s] Level 5:colcon.colcon_core.verb:set package 'rover_receive' build argument 'catkin_cmake_args' from command line to 'None'
[4.803s] Level 5:colcon.colcon_core.verb:set package 'rover_receive' build argument 'catkin_skip_building_tests' from command line to 'False'
[4.803s] DEBUG:colcon.colcon_core.verb:Building package 'rover_receive' with the following arguments: {'ament_cmake_args': None, 'build_base': '/home/arno/MicroverRoombaV3/build/rover_receive', 'catkin_cmake_args': None, 'catkin_skip_building_tests': False, 'cmake_args': None, 'cmake_clean_cache': False, 'cmake_clean_first': False, 'cmake_force_configure': False, 'cmake_target': None, 'cmake_target_skip_unavailable': False, 'install_base': '/home/arno/MicroverRoombaV3/install/rover_receive', 'merge_install': False, 'path': '/home/arno/MicroverRoombaV3/src/rover_receive', 'symlink_install': False, 'test_result_base': None}
[4.804s] INFO:colcon.colcon_core.executor:Executing jobs using 'parallel' executor
[4.811s] DEBUG:colcon.colcon_parallel_executor.executor.parallel:run_until_complete
[4.813s] INFO:colcon.colcon_ros.task.ament_cmake.build:Building ROS package in '/home/arno/MicroverRoombaV3/src/rover_receive' with build type 'ament_cmake'
[4.814s] INFO:colcon.colcon_cmake.task.cmake.build:Building CMake package in '/home/arno/MicroverRoombaV3/src/rover_receive'
[4.850s] INFO:colcon.colcon_core.plugin_system:Skipping extension 'colcon_core.shell.bat': Not used on non-Windows systems
[4.853s] INFO:colcon.colcon_core.shell:Skip shell extension 'powershell' for command environment: Not usable outside of PowerShell
[4.853s] DEBUG:colcon.colcon_core.shell:Skip shell extension 'dsv' for command environment
[4.933s] DEBUG:colcon.colcon_core.event_handler.log_command:Invoking command in '/home/arno/MicroverRoombaV3/build/rover_receive': CMAKE_PREFIX_PATH=/opt/ros/humble /usr/bin/cmake --build /home/arno/MicroverRoombaV3/build/rover_receive -- -j4 -l4
[74.290s] DEBUG:colcon.colcon_core.event_handler.log_command:Invoked command in '/home/arno/MicroverRoombaV3/build/rover_receive' returned '2': CMAKE_PREFIX_PATH=/opt/ros/humble /usr/bin/cmake --build /home/arno/MicroverRoombaV3/build/rover_receive -- -j4 -l4
[74.771s] Level 1:colcon.colcon_core.environment:create_environment_scripts_only(rover_receive)
[75.073s] Level 1:colcon.colcon_core.environment:checking '/home/arno/MicroverRoombaV3/install/rover_receive' for CMake module files
[75.104s] Level 1:colcon.colcon_core.environment:checking '/home/arno/MicroverRoombaV3/install/rover_receive' for CMake config files
[77.035s] Level 1:colcon.colcon_core.environment:checking '/home/arno/MicroverRoombaV3/install/rover_receive/bin'
[77.036s] Level 1:colcon.colcon_core.environment:checking '/home/arno/MicroverRoombaV3/install/rover_receive/lib/pkgconfig/rover_receive.pc'
[77.049s] Level 1:colcon.colcon_core.environment:checking '/home/arno/MicroverRoombaV3/install/rover_receive/lib/python3.10/site-packages'
[77.052s] Level 1:colcon.colcon_core.environment:checking '/home/arno/MicroverRoombaV3/install/rover_receive/bin'
[77.056s] INFO:colcon.colcon_core.shell:Creating package script '/home/arno/MicroverRoombaV3/install/rover_receive/share/rover_receive/package.ps1'
[77.070s] INFO:colcon.colcon_core.shell:Creating package descriptor '/home/arno/MicroverRoombaV3/install/rover_receive/share/rover_receive/package.dsv'
[77.080s] INFO:colcon.colcon_core.shell:Creating package script '/home/arno/MicroverRoombaV3/install/rover_receive/share/rover_receive/package.sh'
[77.091s] INFO:colcon.colcon_core.shell:Creating package script '/home/arno/MicroverRoombaV3/install/rover_receive/share/rover_receive/package.bash'
[77.104s] INFO:colcon.colcon_core.shell:Creating package script '/home/arno/MicroverRoombaV3/install/rover_receive/share/rover_receive/package.zsh'
[77.114s] Level 1:colcon.colcon_core.environment:create_file_with_runtime_dependencies(/home/arno/MicroverRoombaV3/install/rover_receive/share/colcon-core/packages/rover_receive)
[77.127s] DEBUG:colcon.colcon_parallel_executor.executor.parallel:closing loop
[77.130s] DEBUG:colcon.colcon_parallel_executor.executor.parallel:loop closed
[77.131s] DEBUG:colcon.colcon_parallel_executor.executor.parallel:run_until_complete finished with '2'
[77.132s] DEBUG:colcon.colcon_core.event_reactor:joining thread
[77.260s] INFO:colcon.colcon_core.plugin_system:Skipping extension 'colcon_notification.desktop_notification.notify_send': Could not find 'notify-send'
[77.261s] INFO:colcon.colcon_core.plugin_system:Skipping extension 'colcon_notification.desktop_notification.terminal_notifier': Not used on non-Darwin systems
[77.262s] INFO:colcon.colcon_core.plugin_system:Skipping extension 'colcon_notification.desktop_notification.win32': Not used on non-Windows systems
[77.262s] INFO:colcon.colcon_notification.desktop_notification:Sending desktop notification using 'notify2'
[77.270s] DEBUG:colcon.colcon_notification.desktop_notification.notify2:Failed to initialize notify2: org.freedesktop.DBus.Error.ServiceUnknown: The name org.freedesktop.Notifications was not provided by any .service files
[77.271s] DEBUG:colcon.colcon_core.event_reactor:joined thread
[77.273s] INFO:colcon.colcon_core.shell:Creating prefix script '/home/arno/MicroverRoombaV3/install/local_setup.ps1'
[77.284s] INFO:colcon.colcon_core.shell:Creating prefix util module '/home/arno/MicroverRoombaV3/install/_local_setup_util_ps1.py'
[77.301s] INFO:colcon.colcon_core.shell:Creating prefix chain script '/home/arno/MicroverRoombaV3/install/setup.ps1'
[77.310s] INFO:colcon.colcon_core.shell:Creating prefix script '/home/arno/MicroverRoombaV3/install/local_setup.sh'
[77.317s] INFO:colcon.colcon_core.shell:Creating prefix util module '/home/arno/MicroverRoombaV3/install/_local_setup_util_sh.py'
[77.322s] INFO:colcon.colcon_core.shell:Creating prefix chain script '/home/arno/MicroverRoombaV3/install/setup.sh'
[77.333s] INFO:colcon.colcon_core.shell:Creating prefix script '/home/arno/MicroverRoombaV3/install/local_setup.bash'
[77.338s] INFO:colcon.colcon_core.shell:Creating prefix chain script '/home/arno/MicroverRoombaV3/install/setup.bash'
[77.347s] INFO:colcon.colcon_core.shell:Creating prefix script '/home/arno/MicroverRoombaV3/install/local_setup.zsh'
[77.353s] INFO:colcon.colcon_core.shell:Creating prefix chain script '/home/arno/MicroverRoombaV3/install/setup.zsh'
