[0.104s] Invoking command in '/home/arno/MicroverRoombaV3/build/rover_receive': CMAKE_PREFIX_PATH=/opt/ros/humble /usr/bin/cmake --build /home/arno/MicroverRoombaV3/build/rover_receive -- -j4 -l4
[0.518s] -- Found ament_cmake: 1.3.8 (/opt/ros/humble/share/ament_cmake/cmake)
[1.737s] -- Found rclcpp: 16.0.8 (/opt/ros/humble/share/rclcpp/cmake)
[2.125s] -- Found rosidl_generator_c: 3.1.5 (/opt/ros/humble/share/rosidl_generator_c/cmake)
[2.158s] -- Found rosidl_adapter: 3.1.5 (/opt/ros/humble/share/rosidl_adapter/cmake)
[2.232s] -- Found rosidl_generator_cpp: 3.1.5 (/opt/ros/humble/share/rosidl_generator_cpp/cmake)
[2.353s] -- Using all available rosidl_typesupport_c: rosidl_typesupport_fastrtps_c;rosidl_typesupport_introspection_c
[2.519s] -- Using all available rosidl_typesupport_cpp: rosidl_typesupport_fastrtps_cpp;rosidl_typesupport_introspection_cpp
[3.105s] -- Found rmw_implementation_cmake: 6.1.1 (/opt/ros/humble/share/rmw_implementation_cmake/cmake)
[3.125s] -- Found rmw_fastrtps_cpp: 6.2.6 (/opt/ros/humble/share/rmw_fastrtps_cpp/cmake)
[4.298s] -- Using RMW implementation 'rmw_fastrtps_cpp' as default
[6.316s] -- Configuring done
[6.446s] -- Generating done
[6.465s] -- Build files have been written to: /home/arno/MicroverRoombaV3/build/rover_receive
[6.634s] [35m[1mConsolidate compiler generated dependencies of target receive_node_nano[0m
[6.913s] [ 50%] [32m[1mLinking CXX executable receive_node_nano[0m
[10.884s] [100%] Built target receive_node_nano
[10.952s] Invoked command in '/home/arno/MicroverRoombaV3/build/rover_receive' returned '0': CMAKE_PREFIX_PATH=/opt/ros/humble /usr/bin/cmake --build /home/arno/MicroverRoombaV3/build/rover_receive -- -j4 -l4
[11.232s] Invoking command in '/home/arno/MicroverRoombaV3/build/rover_receive': CMAKE_PREFIX_PATH=/opt/ros/humble /usr/bin/cmake --install /home/arno/MicroverRoombaV3/build/rover_receive
[11.277s] -- Install configuration: ""
[11.278s] -- Installing: /home/arno/MicroverRoombaV3/install/rover_receive/lib/rover_receive/receive_node_nano
[11.323s] -- Set runtime path of "/home/arno/MicroverRoombaV3/install/rover_receive/lib/rover_receive/receive_node_nano" to ""
[11.325s] -- Installing: /home/arno/MicroverRoombaV3/install/rover_receive/share/ament_index/resource_index/package_run_dependencies/rover_receive
[11.328s] -- Installing: /home/arno/MicroverRoombaV3/install/rover_receive/share/ament_index/resource_index/parent_prefix_path/rover_receive
[11.331s] -- Installing: /home/arno/MicroverRoombaV3/install/rover_receive/share/rover_receive/environment/ament_prefix_path.sh
[11.333s] -- Installing: /home/arno/MicroverRoombaV3/install/rover_receive/share/rover_receive/environment/ament_prefix_path.dsv
[11.335s] -- Installing: /home/arno/MicroverRoombaV3/install/rover_receive/share/rover_receive/environment/path.sh
[11.337s] -- Installing: /home/arno/MicroverRoombaV3/install/rover_receive/share/rover_receive/environment/path.dsv
[11.339s] -- Installing: /home/arno/MicroverRoombaV3/install/rover_receive/share/rover_receive/local_setup.bash
[11.341s] -- Installing: /home/arno/MicroverRoombaV3/install/rover_receive/share/rover_receive/local_setup.sh
[11.343s] -- Installing: /home/arno/MicroverRoombaV3/install/rover_receive/share/rover_receive/local_setup.zsh
[11.345s] -- Installing: /home/arno/MicroverRoombaV3/install/rover_receive/share/rover_receive/local_setup.dsv
[11.348s] -- Installing: /home/arno/MicroverRoombaV3/install/rover_receive/share/rover_receive/package.dsv
[11.351s] -- Installing: /home/arno/MicroverRoombaV3/install/rover_receive/share/ament_index/resource_index/packages/rover_receive
[11.353s] -- Installing: /home/arno/MicroverRoombaV3/install/rover_receive/share/rover_receive/cmake/rover_receiveConfig.cmake
[11.355s] -- Installing: /home/arno/MicroverRoombaV3/install/rover_receive/share/rover_receive/cmake/rover_receiveConfig-version.cmake
[11.357s] -- Installing: /home/arno/MicroverRoombaV3/install/rover_receive/share/rover_receive/package.xml
[11.370s] Invoked command in '/home/arno/MicroverRoombaV3/build/rover_receive' returned '0': CMAKE_PREFIX_PATH=/opt/ros/humble /usr/bin/cmake --install /home/arno/MicroverRoombaV3/build/rover_receive
