[0.070s] Invoking command in '/home/arno/MicroverRoombaV3/build/rover_receive': CMAKE_PREFIX_PATH=/opt/ros/humble /usr/bin/cmake /home/arno/MicroverRoombaV3/src/rover_receive -DCMAKE_INSTALL_PREFIX=/home/arno/MicroverRoombaV3/install/rover_receive
[0.164s] -- Found ament_cmake: 1.3.8 (/opt/ros/humble/share/ament_cmake/cmake)
[1.225s] -- Found rclcpp: 16.0.8 (/opt/ros/humble/share/rclcpp/cmake)
[1.494s] -- Found rosidl_generator_c: 3.1.5 (/opt/ros/humble/share/rosidl_generator_c/cmake)
[1.517s] -- Found rosidl_adapter: 3.1.5 (/opt/ros/humble/share/rosidl_adapter/cmake)
[1.566s] -- Found rosidl_generator_cpp: 3.1.5 (/opt/ros/humble/share/rosidl_generator_cpp/cmake)
[1.658s] -- Using all available rosidl_typesupport_c: rosidl_typesupport_fastrtps_c;rosidl_typesupport_introspection_c
[1.788s] -- Using all available rosidl_typesupport_cpp: rosidl_typesupport_fastrtps_cpp;rosidl_typesupport_introspection_cpp
[2.266s] -- Found rmw_implementation_cmake: 6.1.1 (/opt/ros/humble/share/rmw_implementation_cmake/cmake)
[2.277s] -- Found rmw_fastrtps_cpp: 6.2.6 (/opt/ros/humble/share/rmw_fastrtps_cpp/cmake)
[3.271s] -- Using RMW implementation 'rmw_fastrtps_cpp' as default
[5.140s] -- Configuring done
[5.236s] -- Generating done
[5.249s] -- Build files have been written to: /home/arno/MicroverRoombaV3/build/rover_receive
[5.295s] Invoked command in '/home/arno/MicroverRoombaV3/build/rover_receive' returned '0': CMAKE_PREFIX_PATH=/opt/ros/humble /usr/bin/cmake /home/arno/MicroverRoombaV3/src/rover_receive -DCMAKE_INSTALL_PREFIX=/home/arno/MicroverRoombaV3/install/rover_receive
[5.315s] Invoking command in '/home/arno/MicroverRoombaV3/build/rover_receive': CMAKE_PREFIX_PATH=/opt/ros/humble /usr/bin/cmake --build /home/arno/MicroverRoombaV3/build/rover_receive -- -j4 -l4
[5.656s] [ 50%] [32mBuilding CXX object CMakeFiles/receive_node_nano.dir/src/receive_node_nano.cpp.o[0m
[9.653s] [01m[K/home/arno/MicroverRoombaV3/src/rover_receive/src/receive_node_nano.cpp:3:10:[m[K [01;31m[Kfatal error: [m[KwiringPi.h: No such file or directory
[9.654s]     3 | #include [01;31m[K<wiringPi.h>[m[K
[9.654s]       |          [01;31m[K^~~~~~~~~~~~[m[K
[9.655s] compilation terminated.
[9.672s] gmake[2]: *** [CMakeFiles/receive_node_nano.dir/build.make:76: CMakeFiles/receive_node_nano.dir/src/receive_node_nano.cpp.o] Error 1
[9.673s] gmake[1]: *** [CMakeFiles/Makefile2:137: CMakeFiles/receive_node_nano.dir/all] Error 2
[9.675s] gmake: *** [Makefile:146: all] Error 2
[9.689s] Invoked command in '/home/arno/MicroverRoombaV3/build/rover_receive' returned '2': CMAKE_PREFIX_PATH=/opt/ros/humble /usr/bin/cmake --build /home/arno/MicroverRoombaV3/build/rover_receive -- -j4 -l4
