[0.117s] Invoking command in '/home/arno/MicroverRoombaV3/build/rover_receive': CMAKE_PREFIX_PATH=${CMAKE_PREFIX_PATH}:/opt/ros/humble /usr/bin/cmake --build /home/arno/MicroverRoombaV3/build/rover_receive -- -j4 -l4
[0.538s] [35m[1mConsolidate compiler generated dependencies of target receive_node_nano[0m
[0.857s] [ 50%] [32mBuilding CXX object CMakeFiles/receive_node_nano.dir/src/receive_node_nano.cpp.o[0m
[71.280s] [100%] [32m[1mLinking CXX executable receive_node_nano[0m
[75.691s] [100%] Built target receive_node_nano
[76.310s] Invoked command in '/home/arno/MicroverRoombaV3/build/rover_receive' returned '0': CMAKE_PREFIX_PATH=${CMAKE_PREFIX_PATH}:/opt/ros/humble /usr/bin/cmake --build /home/arno/MicroverRoombaV3/build/rover_receive -- -j4 -l4
[77.000s] Invoking command in '/home/arno/MicroverRoombaV3/build/rover_receive': CMAKE_PREFIX_PATH=${CMAKE_PREFIX_PATH}:/opt/ros/humble /usr/bin/cmake --install /home/arno/MicroverRoombaV3/build/rover_receive
[77.051s] -- Install configuration: ""
[77.064s] -- Installing: /home/arno/MicroverRoombaV3/install/rover_receive/lib/rover_receive/receive_node_nano
[77.118s] -- Set runtime path of "/home/arno/MicroverRoombaV3/install/rover_receive/lib/rover_receive/receive_node_nano" to ""
[77.128s] -- Up-to-date: /home/arno/MicroverRoombaV3/install/rover_receive/share/ament_index/resource_index/package_run_dependencies/rover_receive
[77.129s] -- Up-to-date: /home/arno/MicroverRoombaV3/install/rover_receive/share/ament_index/resource_index/parent_prefix_path/rover_receive
[77.143s] -- Up-to-date: /home/arno/MicroverRoombaV3/install/rover_receive/share/rover_receive/environment/ament_prefix_path.sh
[77.145s] -- Up-to-date: /home/arno/MicroverRoombaV3/install/rover_receive/share/rover_receive/environment/ament_prefix_path.dsv
[77.147s] -- Up-to-date: /home/arno/MicroverRoombaV3/install/rover_receive/share/rover_receive/environment/path.sh
[77.148s] -- Up-to-date: /home/arno/MicroverRoombaV3/install/rover_receive/share/rover_receive/environment/path.dsv
[77.150s] -- Up-to-date: /home/arno/MicroverRoombaV3/install/rover_receive/share/rover_receive/local_setup.bash
[77.151s] -- Up-to-date: /home/arno/MicroverRoombaV3/install/rover_receive/share/rover_receive/local_setup.sh
[77.153s] -- Up-to-date: /home/arno/MicroverRoombaV3/install/rover_receive/share/rover_receive/local_setup.zsh
[77.154s] -- Up-to-date: /home/arno/MicroverRoombaV3/install/rover_receive/share/rover_receive/local_setup.dsv
[77.155s] -- Installing: /home/arno/MicroverRoombaV3/install/rover_receive/share/rover_receive/package.dsv
[77.158s] -- Up-to-date: /home/arno/MicroverRoombaV3/install/rover_receive/share/ament_index/resource_index/packages/rover_receive
[77.161s] -- Up-to-date: /home/arno/MicroverRoombaV3/install/rover_receive/share/rover_receive/cmake/rover_receiveConfig.cmake
[77.162s] -- Up-to-date: /home/arno/MicroverRoombaV3/install/rover_receive/share/rover_receive/cmake/rover_receiveConfig-version.cmake
[77.164s] -- Up-to-date: /home/arno/MicroverRoombaV3/install/rover_receive/share/rover_receive/package.xml
[77.204s] Invoked command in '/home/arno/MicroverRoombaV3/build/rover_receive' returned '0': CMAKE_PREFIX_PATH=${CMAKE_PREFIX_PATH}:/opt/ros/humble /usr/bin/cmake --install /home/arno/MicroverRoombaV3/build/rover_receive
