[0.238s] Invoking command in '/home/arno/MicroverRoombaV3/build/rover_receive': CMAKE_PREFIX_PATH=${CMAKE_PREFIX_PATH}:/opt/ros/humble /usr/bin/cmake /home/arno/MicroverRoombaV3/src/rover_receive -DAMENT_CMAKE_SYMLINK_INSTALL=1 -DCMAKE_INSTALL_PREFIX=/home/arno/MicroverRoombaV3/install/rover_receive
[1.628s] -- Found ament_cmake: 1.3.8 (/opt/ros/humble/share/ament_cmake/cmake)
[4.592s] -- Override CMake install command with custom implementation using symlinks instead of copying resources
[5.009s] -- Found rclcpp: 16.0.8 (/opt/ros/humble/share/rclcpp/cmake)
[5.709s] -- Found rosidl_generator_c: 3.1.5 (/opt/ros/humble/share/rosidl_generator_c/cmake)
[5.785s] -- Found rosidl_adapter: 3.1.5 (/opt/ros/humble/share/rosidl_adapter/cmake)
[5.963s] -- Found rosidl_generator_cpp: 3.1.5 (/opt/ros/humble/share/rosidl_generator_cpp/cmake)
[6.285s] -- Using all available rosidl_typesupport_c: rosidl_typesupport_fastrtps_c;rosidl_typesupport_introspection_c
[6.716s] -- Using all available rosidl_typesupport_cpp: rosidl_typesupport_fastrtps_cpp;rosidl_typesupport_introspection_cpp
[8.231s] -- Found rmw_implementation_cmake: 6.1.1 (/opt/ros/humble/share/rmw_implementation_cmake/cmake)
[8.276s] -- Found rmw_fastrtps_cpp: 6.2.6 (/opt/ros/humble/share/rmw_fastrtps_cpp/cmake)
[11.175s] -- Using RMW implementation 'rmw_fastrtps_cpp' as default
[16.323s] -- Configuring done
[16.641s] -- Generating done
[16.684s] -- Build files have been written to: /home/arno/MicroverRoombaV3/build/rover_receive
[16.871s] Invoked command in '/home/arno/MicroverRoombaV3/build/rover_receive' returned '0': CMAKE_PREFIX_PATH=${CMAKE_PREFIX_PATH}:/opt/ros/humble /usr/bin/cmake /home/arno/MicroverRoombaV3/src/rover_receive -DAMENT_CMAKE_SYMLINK_INSTALL=1 -DCMAKE_INSTALL_PREFIX=/home/arno/MicroverRoombaV3/install/rover_receive
[16.900s] Invoking command in '/home/arno/MicroverRoombaV3/build/rover_receive': CMAKE_PREFIX_PATH=${CMAKE_PREFIX_PATH}:/opt/ros/humble /usr/bin/cmake --build /home/arno/MicroverRoombaV3/build/rover_receive -- -j4 -l4
[17.619s] [35m[1mConsolidate compiler generated dependencies of target receive_node_nano[0m
[18.019s] [ 50%] [32mBuilding CXX object CMakeFiles/receive_node_nano.dir/src/receive_node_nano.cpp.o[0m
[243.535s] [100%] [32m[1mLinking CXX executable receive_node_nano[0m
[249.742s] [100%] Built target receive_node_nano
[250.408s] Invoked command in '/home/arno/MicroverRoombaV3/build/rover_receive' returned '0': CMAKE_PREFIX_PATH=${CMAKE_PREFIX_PATH}:/opt/ros/humble /usr/bin/cmake --build /home/arno/MicroverRoombaV3/build/rover_receive -- -j4 -l4
[251.178s] Invoking command in '/home/arno/MicroverRoombaV3/build/rover_receive': CMAKE_PREFIX_PATH=${CMAKE_PREFIX_PATH}:/opt/ros/humble /usr/bin/cmake --install /home/arno/MicroverRoombaV3/build/rover_receive
[251.277s] -- Install configuration: ""
[251.291s] -- Execute custom install script
[251.303s] -- Symlinking: /home/arno/MicroverRoombaV3/install/rover_receive/lib/rover_receive/receive_node_nano
[251.432s] -- Symlinking: /home/arno/MicroverRoombaV3/install/rover_receive/share/ament_index/resource_index/package_run_dependencies/rover_receive
[251.552s] -- Symlinking: /home/arno/MicroverRoombaV3/install/rover_receive/share/ament_index/resource_index/parent_prefix_path/rover_receive
[251.681s] -- Symlinking: /home/arno/MicroverRoombaV3/install/rover_receive/share/rover_receive/environment/ament_prefix_path.sh
[251.799s] -- Symlinking: /home/arno/MicroverRoombaV3/install/rover_receive/share/rover_receive/environment/ament_prefix_path.dsv
[251.854s] -- Symlinking: /home/arno/MicroverRoombaV3/install/rover_receive/share/rover_receive/environment/path.sh
[251.911s] -- Symlinking: /home/arno/MicroverRoombaV3/install/rover_receive/share/rover_receive/environment/path.dsv
[251.967s] -- Symlinking: /home/arno/MicroverRoombaV3/install/rover_receive/share/rover_receive/local_setup.bash
[252.023s] -- Symlinking: /home/arno/MicroverRoombaV3/install/rover_receive/share/rover_receive/local_setup.sh
[252.079s] -- Symlinking: /home/arno/MicroverRoombaV3/install/rover_receive/share/rover_receive/local_setup.zsh
[252.135s] -- Symlinking: /home/arno/MicroverRoombaV3/install/rover_receive/share/rover_receive/local_setup.dsv
[252.192s] -- Symlinking: /home/arno/MicroverRoombaV3/install/rover_receive/share/rover_receive/package.dsv
[252.252s] -- Symlinking: /home/arno/MicroverRoombaV3/install/rover_receive/share/ament_index/resource_index/packages/rover_receive
[252.312s] -- Symlinking: /home/arno/MicroverRoombaV3/install/rover_receive/share/rover_receive/cmake/rover_receiveConfig.cmake
[252.368s] -- Symlinking: /home/arno/MicroverRoombaV3/install/rover_receive/share/rover_receive/cmake/rover_receiveConfig-version.cmake
[252.425s] -- Symlinking: /home/arno/MicroverRoombaV3/install/rover_receive/share/rover_receive/package.xml
[252.513s] Invoked command in '/home/arno/MicroverRoombaV3/build/rover_receive' returned '0': CMAKE_PREFIX_PATH=${CMAKE_PREFIX_PATH}:/opt/ros/humble /usr/bin/cmake --install /home/arno/MicroverRoombaV3/build/rover_receive
