[0.105s] Invoking command in '/home/arno/MicroverRoombaV3/build/rover_receive': CMAKE_PREFIX_PATH=${CMAKE_PREFIX_PATH}:/opt/ros/humble /usr/bin/cmake --build /home/arno/MicroverRoombaV3/build/rover_receive -- -j4 -l4
[0.579s] [35m[1mConsolidate compiler generated dependencies of target receive_node_nano[0m
[0.793s] [ 50%] [32mBuilding CXX object CMakeFiles/receive_node_nano.dir/src/receive_node_nano.cpp.o[0m
[108.031s] [100%] [32m[1mLinking CXX executable receive_node_nano[0m
[113.934s] [100%] Built target receive_node_nano
[114.564s] Invoked command in '/home/arno/MicroverRoombaV3/build/rover_receive' returned '0': CMAKE_PREFIX_PATH=${CMAKE_PREFIX_PATH}:/opt/ros/humble /usr/bin/cmake --build /home/arno/MicroverRoombaV3/build/rover_receive -- -j4 -l4
[115.631s] Invoking command in '/home/arno/MicroverRoombaV3/build/rover_receive': CMAKE_PREFIX_PATH=${CMAKE_PREFIX_PATH}:/opt/ros/humble /usr/bin/cmake --install /home/arno/MicroverRoombaV3/build/rover_receive
[115.725s] -- Install configuration: ""
[115.740s] -- Execute custom install script
[115.754s] -- Up-to-date symlink: /home/arno/MicroverRoombaV3/install/rover_receive/lib/rover_receive/receive_node_nano
[115.768s] -- Up-to-date symlink: /home/arno/MicroverRoombaV3/install/rover_receive/share/ament_index/resource_index/package_run_dependencies/rover_receive
[115.777s] -- Up-to-date symlink: /home/arno/MicroverRoombaV3/install/rover_receive/share/ament_index/resource_index/parent_prefix_path/rover_receive
[115.799s] -- Up-to-date symlink: /home/arno/MicroverRoombaV3/install/rover_receive/share/rover_receive/environment/ament_prefix_path.sh
[115.804s] -- Up-to-date symlink: /home/arno/MicroverRoombaV3/install/rover_receive/share/rover_receive/environment/ament_prefix_path.dsv
[115.811s] -- Up-to-date symlink: /home/arno/MicroverRoombaV3/install/rover_receive/share/rover_receive/environment/path.sh
[115.815s] -- Up-to-date symlink: /home/arno/MicroverRoombaV3/install/rover_receive/share/rover_receive/environment/path.dsv
[115.821s] -- Up-to-date symlink: /home/arno/MicroverRoombaV3/install/rover_receive/share/rover_receive/local_setup.bash
[115.826s] -- Up-to-date symlink: /home/arno/MicroverRoombaV3/install/rover_receive/share/rover_receive/local_setup.sh
[115.831s] -- Up-to-date symlink: /home/arno/MicroverRoombaV3/install/rover_receive/share/rover_receive/local_setup.zsh
[115.837s] -- Up-to-date symlink: /home/arno/MicroverRoombaV3/install/rover_receive/share/rover_receive/local_setup.dsv
[115.840s] -- Symlinking: /home/arno/MicroverRoombaV3/install/rover_receive/share/rover_receive/package.dsv
[115.964s] -- Up-to-date symlink: /home/arno/MicroverRoombaV3/install/rover_receive/share/ament_index/resource_index/packages/rover_receive
[115.972s] -- Up-to-date symlink: /home/arno/MicroverRoombaV3/install/rover_receive/share/rover_receive/cmake/rover_receiveConfig.cmake
[115.977s] -- Up-to-date symlink: /home/arno/MicroverRoombaV3/install/rover_receive/share/rover_receive/cmake/rover_receiveConfig-version.cmake
[115.983s] -- Up-to-date symlink: /home/arno/MicroverRoombaV3/install/rover_receive/share/rover_receive/package.xml
[116.028s] Invoked command in '/home/arno/MicroverRoombaV3/build/rover_receive' returned '0': CMAKE_PREFIX_PATH=${CMAKE_PREFIX_PATH}:/opt/ros/humble /usr/bin/cmake --install /home/arno/MicroverRoombaV3/build/rover_receive
